21:21:33 INFO:root:Logging to /lambda/nfs/xnotes/communitynotes-mod/scoring/src/../logs/run_20260220_212133.log
21:21:33 INFO:birdwatch.runner:scorer python version: 3.10.12 (main, Aug 15 2025, 14:32:43) [GCC 11.4.0]
21:21:33 INFO:birdwatch.runner:scorer pandas version: 2.2.2
21:21:33 INFO:birdwatch.dev_cache:Dev cache enabled: /lambda/nfs/xnotes/communitynotes-mod/scoring/src/.cache
21:21:33 INFO:birdwatch.runner:beginning scorer execution
21:24:30 INFO:birdwatch.dev_cache:Cache hit: 'runner_data' (loaded in 177.1s) <- /lambda/nfs/xnotes/communitynotes-mod/scoring/src/.cache/runner_data.pkl
21:24:30 INFO:birdwatch.process_data:Called filter_input_data_for_testing.
        Notes: 2380443, Ratings: 197106676. Max note createdAt: 2026-02-01 23:01:46.167000; Max rating createAt: 2026-02-01 23:02:41.892000
21:24:30 INFO:birdwatch.process_data:After filtering notes and ratings after particular timestamp (=None). 
        Notes: 2380443, Ratings: 197106676. Max note createdAt: 2026-02-01 23:01:46.167000; Max rating createAt: 2026-02-01 23:02:41.892000
21:24:30 INFO:birdwatch.process_data:After filtering ratings after first status (plus None hours) for notes created in last 14 days. 
        Notes: 2380443, Ratings: 197106676. Max note createdAt: 2026-02-01 23:01:46.167000; Max rating createAt: 2026-02-01 23:02:41.892000
21:24:30 INFO:birdwatch.process_data:After filtering prescoring notes and ratings to simulate a delay of None hours: 
        Notes: 2380443, Ratings: 197106676. Max note createdAt: 2026-02-01 23:01:46.167000; Max rating createAt: 2026-02-01 23:02:41.892000
21:28:17 INFO:birdwatch.dev_cache:Cache hit: 'pre_get_scorers' (loaded in 226.7s) <- /lambda/nfs/xnotes/communitynotes-mod/scoring/src/.cache/pre_get_scorers.pkl
21:28:17 INFO:birdwatch.run_scoring:Restored from cache (pre_get_scorers) — skipping run_rater_clustering + topic model + PSS, jumping to _get_scorers
21:28:17 INFO:birdwatch.run_scoring:logging environment variables
21:28:17 INFO:birdwatch.run_scoring:notes total RAM: 188055045 bytes (0.188 GB)
                                    column     dtype       RAM
0                                   noteId     int64  19043544
1                  noteAuthorParticipantId     int64  19043544
2                          createdAtMillis     int64  19043544
3                                  tweetId    object  19043544
4                           classification    object  19043544
5                               believable  category   2380459
6                                  harmful  category   2380459
7                     validationDifficulty  category   2380459
8                          misleadingOther      Int8   4760886
9                   misleadingFactualError      Int8   4760886
10              misleadingManipulatedMedia      Int8   4760886
11           misleadingOutdatedInformation      Int8   4760886
12       misleadingMissingImportantContext      Int8   4760886
13         misleadingUnverifiedClaimAsFact      Int8   4760886
14                        misleadingSatire      Int8   4760886
15                      notMisleadingOther      Int8   4760886
16           notMisleadingFactuallyCorrect      Int8   4760886
17  notMisleadingOutdatedButNotWhenWritten      Int8   4760886
18              notMisleadingClearlySatire      Int8   4760886
19            notMisleadingPersonalOpinion      Int8   4760886
20                      trustworthySources      Int8   4760886
21                                 summary    object  19043544
22                             isMediaNote      Int8   4760886
21:28:17 INFO:birdwatch.run_scoring:ratings total RAM: 19119347612 bytes (19.119 GB)
                                  column     dtype         RAM
0                                  agree      Int8   394213352
1                        createdAtMillis     int64  1576853408
2                               disagree      Int8   394213352
3                                helpful      Int8   394213352
4                  helpfulAddressesClaim      Int8   394213352
5                           helpfulClear      Int8   394213352
6                      helpfulEmpathetic      Int8   394213352
7                     helpfulGoodSources      Int8   394213352
8                helpfulImportantContext      Int8   394213352
9                     helpfulInformative      Int8   394213352
10                            helpfulNum   float64  1576853408
11                          helpfulOther      Int8   394213352
12               helpfulUnbiasedLanguage      Int8   394213352
13                  helpfulUniqueContext      Int8   394213352
14                      helpfulnessLevel  category   197106700
15                       highVolumeRater      bool   197106676
16                            notHelpful      Int8   394213352
17       notHelpfulArgumentativeOrBiased      Int8   394213352
18            notHelpfulHardToUnderstand      Int8   394213352
19                   notHelpfulIncorrect      Int8   394213352
20           notHelpfulIrrelevantSources      Int8   394213352
21            notHelpfulMissingKeyPoints      Int8   394213352
22               notHelpfulNoteNotNeeded      Int8   394213352
23                    notHelpfulOffTopic      Int8   394213352
24          notHelpfulOpinionSpeculation      Int8   394213352
25    notHelpfulOpinionSpeculationOrBias      Int8   394213352
26                       notHelpfulOther      Int8   394213352
27                    notHelpfulOutdated      Int8   394213352
28  notHelpfulSourcesMissingOrUnreliable      Int8   394213352
29       notHelpfulSpamHarassmentOrAbuse      Int8   394213352
30                                noteId     int64  1576853408
31                        ratedOnTweetId     int64  1576853408
32                    raterParticipantId     int64  1576853408
33                  ratingSourceBucketed  category   197106692
34                               version      Int8   394213352
21:28:17 INFO:birdwatch.run_scoring:noteStatusHistory total RAM: 349021316 bytes (0.349 GB)
                                            column     dtype       RAM
0                                           noteId     int64  21644704
1                          noteAuthorParticipantId     int64  21644704
2                                  createdAtMillis   float64  21644704
3               timestampMillisOfFirstNonNMRStatus   float64  21644704
4                                firstNonNMRStatus  category   2705604
5                   timestampMillisOfCurrentStatus   float64  21644704
6                                    currentStatus  category   2705612
7              timestampMillisOfLatestNonNMRStatus   float64  21644704
8                           mostRecentNonNMRStatus  category   2705604
9                      timestampMillisOfStatusLock   float64  21644704
10                                    lockedStatus  category   2705612
11                      timestampMillisOfRetroLock   float64  21644704
12                               currentCoreStatus  category   2705628
13                          currentExpansionStatus  category   2705628
14                              currentGroupStatus  category   2705620
15                                currentDecidedBy  category   2705828
16                            currentModelingGroup   float64  21644704
17         timestampMillisOfMostRecentStatusChange   float64  21644704
18       timestampMillisOfNmrDueToMinStableCrhTime   float64  21644704
19                         currentMultiGroupStatus  category   2705620
20                       currentModelingMultiGroup   float64  21644704
21             timestampMinuteOfFinalScoringOutput   float64  21644704
22  timestampMillisOfFirstNmrDueToMinStableCrhTime   float64  21644704
23                                  classification    object  21644704
21:28:17 INFO:birdwatch.run_scoring:userEnrollment total RAM: 78201687 bytes (0.078 GB)
                           column     dtype       RAM
0                   participantId     int64  10975672
1                 enrollmentState    object  10975672
2  successfulRatingNeededToEarnIn     int64  10975672
3      timestampOfLastStateChange     int64  10975672
4          timestampOfLastEarnOut   float64  10975672
5              modelingPopulation  category   1371983
6                   modelingGroup   float64  10975672
7          numberOfTimesEarnedOut     int64  10975672
21:28:17 INFO:birdwatch.constants:Logging Prescoring Inputs Initial RAM usage elapsed time: 0.08 secs (0.00 mins)
21:28:17 INFO:birdwatch.run_scoring:Using cached post-PSS ratings (193312595 rows), noteTopics, and noteTopicClassifierPipe.
21:28:18 INFO:birdwatch.run_scoring:User IDs for ratings, noteStatusHistory and userEnrollment converted to Int64Dtype.
21:28:18 INFO:birdwatch.run_scoring:notes total RAM: 188055045 bytes (0.188 GB)
                                    column     dtype       RAM
0                                   noteId     int64  19043544
1                  noteAuthorParticipantId     int64  19043544
2                          createdAtMillis     int64  19043544
3                                  tweetId    object  19043544
4                           classification    object  19043544
5                               believable  category   2380459
6                                  harmful  category   2380459
7                     validationDifficulty  category   2380459
8                          misleadingOther      Int8   4760886
9                   misleadingFactualError      Int8   4760886
10              misleadingManipulatedMedia      Int8   4760886
11           misleadingOutdatedInformation      Int8   4760886
12       misleadingMissingImportantContext      Int8   4760886
13         misleadingUnverifiedClaimAsFact      Int8   4760886
14                        misleadingSatire      Int8   4760886
15                      notMisleadingOther      Int8   4760886
16           notMisleadingFactuallyCorrect      Int8   4760886
17  notMisleadingOutdatedButNotWhenWritten      Int8   4760886
18              notMisleadingClearlySatire      Int8   4760886
19            notMisleadingPersonalOpinion      Int8   4760886
20                      trustworthySources      Int8   4760886
21                                 summary    object  19043544
22                             isMediaNote      Int8   4760886
21:28:18 INFO:birdwatch.run_scoring:ratings total RAM: 22230948465 bytes (22.231 GB)
                                  column     dtype         RAM
0                                  agree      Int8   386625190
1                        createdAtMillis     int64  1546500760
2                               disagree      Int8   386625190
3                                helpful      Int8   386625190
4                  helpfulAddressesClaim      Int8   386625190
5                           helpfulClear      Int8   386625190
6                      helpfulEmpathetic      Int8   386625190
7                     helpfulGoodSources      Int8   386625190
8                helpfulImportantContext      Int8   386625190
9                     helpfulInformative      Int8   386625190
10                            helpfulNum   float64  1546500760
11                          helpfulOther      Int8   386625190
12               helpfulUnbiasedLanguage      Int8   386625190
13                  helpfulUniqueContext      Int8   386625190
14                      helpfulnessLevel  category   193312619
15                       highVolumeRater      bool   193312595
16                            notHelpful      Int8   386625190
17       notHelpfulArgumentativeOrBiased      Int8   386625190
18            notHelpfulHardToUnderstand      Int8   386625190
19                   notHelpfulIncorrect      Int8   386625190
20           notHelpfulIrrelevantSources      Int8   386625190
21            notHelpfulMissingKeyPoints      Int8   386625190
22               notHelpfulNoteNotNeeded      Int8   386625190
23                    notHelpfulOffTopic      Int8   386625190
24          notHelpfulOpinionSpeculation      Int8   386625190
25    notHelpfulOpinionSpeculationOrBias      Int8   386625190
26                       notHelpfulOther      Int8   386625190
27                    notHelpfulOutdated      Int8   386625190
28  notHelpfulSourcesMissingOrUnreliable      Int8   386625190
29       notHelpfulSpamHarassmentOrAbuse      Int8   386625190
30                                noteId     int64  1546500760
31                        ratedOnTweetId     int64  1546500760
32                    raterParticipantId     Int64  1739813355
33                  ratingSourceBucketed  category   193312611
34                               version      Int8   386625190
35                       correlatedRater      bool   193312595
36                    postSelectionValue   float64  1546500760
37        postSelectionValue_note_author   float64  1546500760
21:28:18 INFO:birdwatch.run_scoring:noteStatusHistory total RAM: 351726904 bytes (0.352 GB)
                                            column     dtype       RAM
0                                           noteId     int64  21644704
1                          noteAuthorParticipantId     Int64  24350292
2                                  createdAtMillis   float64  21644704
3               timestampMillisOfFirstNonNMRStatus   float64  21644704
4                                firstNonNMRStatus  category   2705604
5                   timestampMillisOfCurrentStatus   float64  21644704
6                                    currentStatus  category   2705612
7              timestampMillisOfLatestNonNMRStatus   float64  21644704
8                           mostRecentNonNMRStatus  category   2705604
9                      timestampMillisOfStatusLock   float64  21644704
10                                    lockedStatus  category   2705612
11                      timestampMillisOfRetroLock   float64  21644704
12                               currentCoreStatus  category   2705628
13                          currentExpansionStatus  category   2705628
14                              currentGroupStatus  category   2705620
15                                currentDecidedBy  category   2705828
16                            currentModelingGroup   float64  21644704
17         timestampMillisOfMostRecentStatusChange   float64  21644704
18       timestampMillisOfNmrDueToMinStableCrhTime   float64  21644704
19                         currentMultiGroupStatus  category   2705620
20                       currentModelingMultiGroup   float64  21644704
21             timestampMinuteOfFinalScoringOutput   float64  21644704
22  timestampMillisOfFirstNmrDueToMinStableCrhTime   float64  21644704
23                                  classification    object  21644704
21:28:18 INFO:birdwatch.run_scoring:userEnrollment total RAM: 79573646 bytes (0.080 GB)
                           column     dtype       RAM
0                   participantId     Int64  12347631
1                 enrollmentState    object  10975672
2  successfulRatingNeededToEarnIn     int64  10975672
3      timestampOfLastStateChange     int64  10975672
4          timestampOfLastEarnOut   float64  10975672
5              modelingPopulation  category   1371983
6                   modelingGroup   float64  10975672
7          numberOfTimesEarnedOut     int64  10975672
21:28:18 INFO:birdwatch.constants:Logging Prescoring Inputs RAM usage before _run_scorers elapsed time: 0.04 secs (0.00 mins)
21:28:59 INFO:birdwatch.scorer:prescore: Torch intra-op parallelism for MFCoreWithTopicsScorer set to: 12
21:29:04 INFO:birdwatch.scorer:Filtering ratings for MFCoreWithTopicsScorer.  Original rating length: 193312595
21:29:04 INFO:birdwatch.scorer:  Ratings after topic filter: 193312595
21:29:35 INFO:birdwatch.scorer:  Ratings without assigned group: 0
21:30:13 INFO:birdwatch.scorer:  Ratings after group filter: 166213224
21:30:13 INFO:birdwatch.scorer:MFCoreWithTopicsScorer Filter input elapsed time: 73.89 secs (1.23 mins)
21:31:52 INFO:birdwatch.mf_base_scorer:ratings summary MFCoreWithTopicsScorer: 8d9e42c64091912711356ac7b0a891aa8929dcc9b60c25468a7b790ac43dd0d3
21:33:16 INFO:birdwatch.process_data:After applying min 10 ratings per rater and min 5 raters per note: 
Num Ratings: 164162475, Num Unique Notes Rated: 1829934, Num Unique Raters: 781163
21:33:16 INFO:birdwatch.scorer:MFCoreWithTopicsScorer Prepare ratings elapsed time: 83.43 secs (1.39 mins)
21:34:54 INFO:birdwatch.mf_base_scorer:ratingsForTraining summary MFCoreWithTopicsScorer: aaeaf5bf9a487aa46e90850f073f30348c12c9d69aba93a348aabf2f8ae42b0e
21:34:54 INFO:birdwatch.mf_base_scorer:noteStatusHistory summary MFCoreWithTopicsScorer: cef745da18e4d1baf835c290139b819dbaa498a4d668de1d119a9c0ee71b70e4
21:34:55 INFO:birdwatch.mf_base_scorer:userEnrollmentRaw summary MFCoreWithTopicsScorer: c53bbd470a7620dc9178ff92440f266b673d8ab8c49934fccb53a9d3b38d7c61
21:35:55 INFO:birdwatch.scorer:MFCoreWithTopicsScorer Prepare data for stable initialization elapsed time: 58.42 secs (0.97 mins)
21:35:55 INFO:birdwatch.matrix_factorization:Reinitializing wandb run with enabled state: False
21:35:55 INFO:birdwatch.wandb_utils:Reinitializing W&B run
21:35:55 INFO:birdwatch.wandb_utils:W&B is disabled
21:35:55 DEBUG:git.util:sys.platform='linux', git_executable='git'
21:35:55 DEBUG:git.cmd:Popen(['git', 'rev-parse', '--show-toplevel'], cwd=/lambda/nfs/xnotes/communitynotes-mod, stdin=None, shell=False, universal_newlines=False)
21:35:55 DEBUG:git.cmd:Popen(['git', 'rev-parse', '--show-toplevel'], cwd=/lambda/nfs/xnotes/communitynotes-mod, stdin=None, shell=False, universal_newlines=False)
21:35:55 DEBUG:git.util:sys.platform='linux', git_executable='git'
21:35:55 DEBUG:git.cmd:Popen(['git', 'rev-parse', '--show-toplevel'], cwd=/lambda/nfs/xnotes/communitynotes-mod, stdin=None, shell=False, universal_newlines=False)
21:35:55 DEBUG:wandb:no default config file found in config-defaults.yaml
21:36:02 INFO:birdwatch.matrix_factorization:------------------
21:36:02 INFO:birdwatch.matrix_factorization:Users: 245353, Notes: 241527
21:36:02 INFO:birdwatch.matrix_factorization:learning rate set to :1.0
21:36:05 INFO:birdwatch.matrix_factorization:cuda:0
21:36:05 INFO:birdwatch.matrix_factorization:Ratings per note in dataset: 89.2686656150244
21:36:05 INFO:birdwatch.matrix_factorization:Ratings per user in dataset: 87.87662266204204
21:36:06 INFO:birdwatch.matrix_factorization:epoch 0 6.579290390014648
21:36:06 INFO:birdwatch.matrix_factorization:TRAIN FIT LOSS: 6.144412994384766
21:36:07 INFO:birdwatch.matrix_factorization:epoch 20 0.21014240384101868
21:36:07 INFO:birdwatch.matrix_factorization:TRAIN FIT LOSS: 0.16153061389923096
21:36:08 INFO:birdwatch.matrix_factorization:epoch 40 0.10806107521057129
21:36:08 INFO:birdwatch.matrix_factorization:TRAIN FIT LOSS: 0.08202393352985382
21:36:09 INFO:birdwatch.matrix_factorization:epoch 60 0.09273413568735123
21:36:09 INFO:birdwatch.matrix_factorization:TRAIN FIT LOSS: 0.07003579288721085
21:36:10 INFO:birdwatch.matrix_factorization:epoch 80 0.09027086198329926
21:36:10 INFO:birdwatch.matrix_factorization:TRAIN FIT LOSS: 0.06800635159015656
21:36:11 INFO:birdwatch.matrix_factorization:epoch 100 0.09003648161888123
21:36:11 INFO:birdwatch.matrix_factorization:TRAIN FIT LOSS: 0.06793289631605148
21:36:12 INFO:birdwatch.matrix_factorization:epoch 120 0.08999937772750854
21:36:12 INFO:birdwatch.matrix_factorization:TRAIN FIT LOSS: 0.06788233667612076
21:36:12 INFO:birdwatch.matrix_factorization:Num epochs: 126
21:36:12 INFO:birdwatch.matrix_factorization:epoch 126 0.08999790996313095
21:36:12 INFO:birdwatch.matrix_factorization:TRAIN FIT LOSS: 0.06787504255771637
21:36:12 INFO:birdwatch.matrix_factorization:Global Intercept: 0.13791033625602722
21:36:12 INFO:birdwatch.wandb_utils:Finishing W&B run
21:36:12 INFO:birdwatch.scorer:MFCoreWithTopicsScorer MF on stable-initialization subset elapsed time: 17.36 secs (0.29 mins)
21:36:12 INFO:birdwatch.matrix_factorization:Reinitializing wandb run with enabled state: False
21:36:12 INFO:birdwatch.wandb_utils:Reinitializing W&B run
21:36:12 INFO:birdwatch.wandb_utils:W&B is disabled
21:36:12 DEBUG:git.util:sys.platform='linux', git_executable='git'
21:36:12 DEBUG:git.cmd:Popen(['git', 'rev-parse', '--show-toplevel'], cwd=/lambda/nfs/xnotes/communitynotes-mod, stdin=None, shell=False, universal_newlines=False)
21:36:12 DEBUG:wandb:no default config file found in config-defaults.yaml
21:37:20 INFO:birdwatch.matrix_factorization:------------------
21:37:20 INFO:birdwatch.matrix_factorization:Users: 781163, Notes: 1829934
21:37:20 INFO:birdwatch.matrix_factorization:initializing notes
21:37:20 INFO:birdwatch.matrix_factorization:initializing users
21:37:20 INFO:birdwatch.matrix_factorization:initialized global intercept
21:37:20 INFO:birdwatch.matrix_factorization:learning rate set to :0.2
21:37:20 INFO:birdwatch.matrix_factorization:cuda:0
21:37:20 INFO:birdwatch.matrix_factorization:Ratings per note in dataset: 89.70950591660683
21:37:20 INFO:birdwatch.matrix_factorization:Ratings per user in dataset: 210.15137045661405
21:37:21 INFO:birdwatch.matrix_factorization:epoch 0 0.2528005540370941
21:37:21 INFO:birdwatch.matrix_factorization:TRAIN FIT LOSS: 0.2192128747701645
21:37:28 INFO:birdwatch.matrix_factorization:epoch 20 0.11808501929044724
21:37:28 INFO:birdwatch.matrix_factorization:TRAIN FIT LOSS: 0.0934097021818161
21:37:35 INFO:birdwatch.matrix_factorization:epoch 40 0.10871037095785141
21:37:35 INFO:birdwatch.matrix_factorization:TRAIN FIT LOSS: 0.0836091935634613
21:37:42 INFO:birdwatch.matrix_factorization:epoch 60 0.10753049701452255
21:37:42 INFO:birdwatch.matrix_factorization:TRAIN FIT LOSS: 0.08300101011991501
21:37:49 INFO:birdwatch.matrix_factorization:epoch 80 0.10736952722072601
21:37:49 INFO:birdwatch.matrix_factorization:TRAIN FIT LOSS: 0.08274094015359879
21:37:55 INFO:birdwatch.matrix_factorization:epoch 100 0.10734941065311432
21:37:55 INFO:birdwatch.matrix_factorization:TRAIN FIT LOSS: 0.0827043280005455
21:37:58 INFO:birdwatch.matrix_factorization:Num epochs: 107
21:37:58 INFO:birdwatch.matrix_factorization:epoch 107 0.10734804719686508
21:37:58 INFO:birdwatch.matrix_factorization:TRAIN FIT LOSS: 0.08270405232906342
21:37:58 INFO:birdwatch.matrix_factorization:Global Intercept: 0.16030731797218323
21:37:58 INFO:birdwatch.wandb_utils:Finishing W&B run
21:37:58 INFO:birdwatch.scorer:MFCoreWithTopicsScorer First full MF (initializated with stable-initialization) elapsed time: 105.71 secs (1.76 mins)
21:37:58 INFO:birdwatch.scorer:MFCoreWithTopicsScorer First MF/stable init elapsed time: 182.89 secs (3.05 mins)
21:38:03 INFO:birdwatch.mf_base_scorer:Performing rep-filtering for MFCoreWithTopicsScorer
21:41:35 INFO:birdwatch.note_ratings:dropped 0 out of 165224036 ratings due to NaN factor.
21:46:01 INFO:birdwatch.note_ratings:dropped 0 out of 1106006 population sampled ratings due to NaN factor.
21:46:02 INFO:birdwatch.scoring_rules:Applying scoring rule: InitialNMR (v1.0)
21:46:02 INFO:birdwatch.constants:Calling score_notes: InitialNMR (v1.0) elapsed time: 0.02 secs (0.00 mins)
21:46:03 INFO:birdwatch.constants:Applying scoring rule: InitialNMR (v1.0) elapsed time: 0.78 secs (0.01 mins)
21:46:03 INFO:birdwatch.scoring_rules:Applying scoring rule: GeneralCRH (v1.0)
21:46:03 INFO:birdwatch.constants:Calling score_notes: GeneralCRH (v1.0) elapsed time: 0.17 secs (0.00 mins)
21:46:04 INFO:birdwatch.constants:Applying scoring rule: GeneralCRH (v1.0) elapsed time: 0.94 secs (0.02 mins)
21:46:04 INFO:birdwatch.scoring_rules:Applying scoring rule: GeneralCRNH (v1.0)
21:46:04 INFO:birdwatch.constants:Calling score_notes: GeneralCRNH (v1.0) elapsed time: 0.03 secs (0.00 mins)
21:46:05 INFO:birdwatch.constants:Applying scoring rule: GeneralCRNH (v1.0) elapsed time: 0.83 secs (0.01 mins)
21:46:05 INFO:birdwatch.scoring_rules:Applying scoring rule: UcbCRNH (v1.0)
21:46:05 INFO:birdwatch.constants:Calling score_notes: UcbCRNH (v1.0) elapsed time: 0.01 secs (0.00 mins)
21:46:06 INFO:birdwatch.constants:Applying scoring rule: UcbCRNH (v1.0) elapsed time: 0.79 secs (0.01 mins)
21:46:06 INFO:birdwatch.scoring_rules:Applying scoring rule: RatioCRNH (v1.0)
21:46:06 INFO:birdwatch.constants:Calling score_notes: RatioCRNH (v1.0) elapsed time: 0.01 secs (0.00 mins)
21:46:06 INFO:birdwatch.constants:Applying scoring rule: RatioCRNH (v1.0) elapsed time: 0.73 secs (0.01 mins)
21:46:06 INFO:birdwatch.scoring_rules:Applying scoring rule: NmCRNH (v1.0)
21:46:06 INFO:birdwatch.constants:Calling score_notes: NmCRNH (v1.0) elapsed time: 0.11 secs (0.00 mins)
21:46:07 INFO:birdwatch.constants:Applying scoring rule: NmCRNH (v1.0) elapsed time: 0.86 secs (0.01 mins)
21:47:07 INFO:birdwatch.constants:Condense noteRules after applying all scoring rules elapsed time: 59.87 secs (1.00 mins)
21:47:08 INFO:birdwatch.scorer:MFCoreWithTopicsScorer Compute scored notes elapsed time: 544.43 secs (9.07 mins)
21:49:10 INFO:birdwatch.note_ratings:Total ratings: 165981743 post-tombstones and 231481 pre-tombstones
21:49:10 INFO:birdwatch.note_ratings:Total ratings created before statuses: 132508928, including 132442746 post-tombstones and 66182 pre-tombstones.
21:49:43 INFO:birdwatch.note_ratings:Total valid ratings: 8823302
21:49:43 INFO:birdwatch.scorer:MFCoreWithTopicsScorer Compute valid ratings elapsed time: 155.68 secs (2.59 mins)
21:49:46 INFO:birdwatch.scorer:MFCoreWithTopicsScorer Helpfulness scores pre-harassment  elapsed time: 2.79 secs (0.05 mins)
21:50:08 INFO:birdwatch.helpfulness_scores:Unique Raters: 781163
21:50:08 INFO:birdwatch.helpfulness_scores:People (Authors or Raters) With Helpfulness Scores: 782930
21:50:08 INFO:birdwatch.helpfulness_scores:Raters Included Based on Helpfulness Scores: 619728
21:50:12 INFO:birdwatch.helpfulness_scores:Included Raters who have rated at least 1 note in the final dataset: 579626
21:50:12 INFO:birdwatch.helpfulness_scores:Number of Ratings Used For 1st Training: 164162475
21:50:12 INFO:birdwatch.helpfulness_scores:Number of Ratings for Final Training: 125656338
21:50:12 INFO:birdwatch.scorer:MFCoreWithTopicsScorer Filtering by helpfulness score elapsed time: 25.69 secs (0.43 mins)
21:50:12 INFO:birdwatch.tag_consensus:-------------------Training for tag notHelpfulSpamHarassmentOrAbuse-------------------
21:50:27 INFO:birdwatch.tag_consensus:Pre-filtering tag label breakdown notHelpfulSpamHarassmentOrAbuseLabel
0    79795610
1     5578871
dtype: int64
21:50:30 INFO:birdwatch.tag_consensus:Number of rows with no tag label 40214105
21:51:08 INFO:birdwatch.process_data:After applying min 10 ratings per rater and min 5 raters per note: 
Num Ratings: 84420069, Num Unique Notes Rated: 1521800, Num Unique Raters: 559975
21:51:13 INFO:birdwatch.tag_consensus:Post-filtering tag label breakdown notHelpfulSpamHarassmentOrAbuseLabel
0    78935349
1     5484720
dtype: int64
21:51:15 INFO:birdwatch.tag_consensus:Number of rows with no tag label 0
21:51:17 INFO:birdwatch.tag_consensus:notHelpfulSpamHarassmentOrAbuse Positive Rate: 0.06496938541947887
21:51:17 INFO:birdwatch.matrix_factorization:Using pos weight: 14.39186485362972 with BCEWithLogitsLoss
21:51:17 INFO:birdwatch.matrix_factorization:Reinitializing wandb run with enabled state: False
21:51:17 INFO:birdwatch.wandb_utils:Reinitializing W&B run
21:51:17 INFO:birdwatch.wandb_utils:W&B is disabled
21:51:17 DEBUG:git.util:sys.platform='linux', git_executable='git'
21:51:17 DEBUG:git.cmd:Popen(['git', 'rev-parse', '--show-toplevel'], cwd=/lambda/nfs/xnotes/communitynotes-mod, stdin=None, shell=False, universal_newlines=False)
21:51:17 DEBUG:wandb:no default config file found in config-defaults.yaml
21:51:52 INFO:birdwatch.matrix_factorization:------------------
21:51:52 INFO:birdwatch.matrix_factorization:Users: 559975, Notes: 1521800
21:51:52 INFO:birdwatch.matrix_factorization:initializing notes
21:51:53 INFO:birdwatch.matrix_factorization:initializing users
21:51:53 INFO:birdwatch.matrix_factorization:learning rate set to :2.0
21:51:53 INFO:birdwatch.matrix_factorization:cuda:0
21:51:53 INFO:birdwatch.matrix_factorization:Ratings per note in dataset: 55.47382638980155
21:51:53 INFO:birdwatch.matrix_factorization:Ratings per user in dataset: 150.75685343095674
21:51:53 INFO:birdwatch.matrix_factorization:epoch 0 3.171339988708496
21:51:53 INFO:birdwatch.matrix_factorization:TRAIN FIT LOSS: 1.4496549367904663
21:51:57 INFO:birdwatch.matrix_factorization:epoch 20 0.7042039036750793
21:51:57 INFO:birdwatch.matrix_factorization:TRAIN FIT LOSS: 0.442318320274353
21:52:01 INFO:birdwatch.matrix_factorization:epoch 40 0.4830060303211212
21:52:01 INFO:birdwatch.matrix_factorization:TRAIN FIT LOSS: 0.3489918112754822
21:52:05 INFO:birdwatch.matrix_factorization:epoch 60 0.44897234439849854
21:52:05 INFO:birdwatch.matrix_factorization:TRAIN FIT LOSS: 0.3336447775363922
21:52:09 INFO:birdwatch.matrix_factorization:epoch 80 0.4442709982395172
21:52:09 INFO:birdwatch.matrix_factorization:TRAIN FIT LOSS: 0.33058327436447144
21:52:13 INFO:birdwatch.matrix_factorization:epoch 100 0.44358643889427185
21:52:13 INFO:birdwatch.matrix_factorization:TRAIN FIT LOSS: 0.3302953541278839
21:52:17 INFO:birdwatch.matrix_factorization:epoch 120 0.4434760510921478
21:52:17 INFO:birdwatch.matrix_factorization:TRAIN FIT LOSS: 0.330233097076416
21:52:21 INFO:birdwatch.matrix_factorization:Num epochs: 138
21:52:21 INFO:birdwatch.matrix_factorization:epoch 138 0.44345414638519287
21:52:21 INFO:birdwatch.matrix_factorization:TRAIN FIT LOSS: 0.3302249014377594
21:52:21 INFO:birdwatch.matrix_factorization:Global Intercept: -0.19545318186283112
21:52:21 INFO:birdwatch.wandb_utils:Finishing W&B run
21:52:21 INFO:birdwatch.scorer:MFCoreWithTopicsScorer Harassment tag consensus elapsed time: 129.18 secs (2.15 mins)
21:52:38 INFO:birdwatch.scorer:MFCoreWithTopicsScorer Helpfulness scores post-harassment elapsed time: 14.05 secs (0.23 mins)
21:53:01 INFO:birdwatch.helpfulness_scores:Unique Raters: 781163
21:53:01 INFO:birdwatch.helpfulness_scores:People (Authors or Raters) With Helpfulness Scores: 782930
21:53:01 INFO:birdwatch.helpfulness_scores:Raters Included Based on Helpfulness Scores: 542435
21:53:03 INFO:birdwatch.helpfulness_scores:Included Raters who have rated at least 1 note in the final dataset: 502333
21:53:03 INFO:birdwatch.helpfulness_scores:Number of Ratings Used For 1st Training: 164162475
21:53:03 INFO:birdwatch.helpfulness_scores:Number of Ratings for Final Training: 81388779
21:53:04 INFO:birdwatch.matrix_factorization:Reinitializing wandb run with enabled state: False
21:53:04 INFO:birdwatch.wandb_utils:Reinitializing W&B run
21:53:04 INFO:birdwatch.wandb_utils:W&B is disabled
21:53:04 DEBUG:git.util:sys.platform='linux', git_executable='git'
21:53:04 DEBUG:git.cmd:Popen(['git', 'rev-parse', '--show-toplevel'], cwd=/lambda/nfs/xnotes/communitynotes-mod, stdin=None, shell=False, universal_newlines=False)
21:53:04 DEBUG:wandb:no default config file found in config-defaults.yaml
21:53:35 INFO:birdwatch.matrix_factorization:------------------
21:53:35 INFO:birdwatch.matrix_factorization:Users: 502333, Notes: 1825575
21:53:35 INFO:birdwatch.matrix_factorization:initializing notes
21:53:36 INFO:birdwatch.matrix_factorization:initializing users
21:53:36 INFO:birdwatch.matrix_factorization:learning rate set to :0.2
21:53:36 INFO:birdwatch.matrix_factorization:cuda:0
21:53:36 INFO:birdwatch.matrix_factorization:Ratings per note in dataset: 44.582544677704284
21:53:36 INFO:birdwatch.matrix_factorization:Ratings per user in dataset: 162.0215653759558
21:53:36 INFO:birdwatch.matrix_factorization:epoch 0 0.36791104078292847
21:53:36 INFO:birdwatch.matrix_factorization:TRAIN FIT LOSS: 0.3096897602081299
21:53:40 INFO:birdwatch.matrix_factorization:epoch 20 0.10805605351924896
21:53:40 INFO:birdwatch.matrix_factorization:TRAIN FIT LOSS: 0.07961144298315048
21:53:43 INFO:birdwatch.matrix_factorization:epoch 40 0.10676270723342896
21:53:43 INFO:birdwatch.matrix_factorization:TRAIN FIT LOSS: 0.08141264319419861
21:53:47 INFO:birdwatch.matrix_factorization:epoch 60 0.1056731790304184
21:53:47 INFO:birdwatch.matrix_factorization:TRAIN FIT LOSS: 0.07918053865432739
21:53:50 INFO:birdwatch.matrix_factorization:epoch 80 0.10561366379261017
21:53:50 INFO:birdwatch.matrix_factorization:TRAIN FIT LOSS: 0.07895093411207199
21:53:54 INFO:birdwatch.matrix_factorization:epoch 100 0.1056094616651535
21:53:54 INFO:birdwatch.matrix_factorization:TRAIN FIT LOSS: 0.07881450653076172
21:53:54 INFO:birdwatch.matrix_factorization:Num epochs: 101
21:53:54 INFO:birdwatch.matrix_factorization:epoch 101 0.1056094616651535
21:53:54 INFO:birdwatch.matrix_factorization:TRAIN FIT LOSS: 0.07881450653076172
21:53:54 INFO:birdwatch.matrix_factorization:Global Intercept: 0.16904214024543762
21:53:54 INFO:birdwatch.wandb_utils:Finishing W&B run
21:53:54 INFO:birdwatch.constants:Final round MF elapsed time: 72.57 secs (1.21 mins)
21:53:54 INFO:birdwatch.mf_base_scorer:In MFCoreWithTopicsScorer prescoring, about to call diligence with 81388779 final round ratings.
21:55:24 INFO:birdwatch.reputation_matrix_factorization:Setup model: noteInitState: 
None,
 raterInitState: 
        raterParticipantId  internalRaterFactor1
0                        0              0.192530
1                        1              0.355667
2                        2             -0.303400
3                        3             -0.437728
4                        4              0.246672
...                    ...                   ...
502328             1371213             -0.027209
502329             1371220              0.320354
502330             1371221              0.203759
502331             1371223             -0.024610
502332             1371227             -0.109300

[502333 rows x 2 columns]
21:55:24 INFO:birdwatch.reputation_matrix_factorization:Initializing internalRaterFactor1:
21:55:24 INFO:birdwatch.reputation_matrix_factorization:  num in dataset: 502333, vs. num we are initializing: 502333
21:55:25 INFO:birdwatch.reputation_matrix_factorization:  uninitialized internalRaterFactor1s: 0
21:55:25 INFO:birdwatch.reputation_matrix_factorization:  initialized internalRaterFactor1s: 502333
21:55:25 INFO:birdwatch.reputation_matrix_factorization:Not initializing internalRaterIntercept
21:55:25 INFO:birdwatch.reputation_matrix_factorization:Not initializing internalRaterReputation
21:55:25 INFO:birdwatch.reputation_matrix_factorization:Not initializing internalNoteFactor1
21:55:25 INFO:birdwatch.reputation_matrix_factorization:Not initializing internalNoteIntercept
21:55:25 INFO:birdwatch.reputation_matrix_factorization:Reputation Matrix Factorization: rater reputation frozen
21:55:25 INFO:birdwatch.reputation_matrix_factorization:Round 1:
21:55:25 INFO:birdwatch.reputation_matrix_factorization:epoch=000 | loss=15.498101 | time=0.0s
21:55:31 INFO:birdwatch.reputation_matrix_factorization:epoch=030 | loss=3.642268 | time=5.8s
21:55:36 INFO:birdwatch.reputation_matrix_factorization:epoch=060 | loss=3.317783 | time=11.5s
21:55:42 INFO:birdwatch.reputation_matrix_factorization:epoch=090 | loss=3.277158 | time=17.2s
21:55:48 INFO:birdwatch.reputation_matrix_factorization:epoch=120 | loss=3.268480 | time=23.0s
21:55:54 INFO:birdwatch.reputation_matrix_factorization:epoch=150 | loss=3.265638 | time=28.8s
21:55:59 INFO:birdwatch.reputation_matrix_factorization:epoch=180 | loss=3.264399 | time=34.5s
21:56:05 INFO:birdwatch.reputation_matrix_factorization:epoch=210 | loss=3.263734 | time=40.3s
21:56:11 INFO:birdwatch.reputation_matrix_factorization:epoch=240 | loss=3.263328 | time=46.1s
21:56:17 INFO:birdwatch.reputation_matrix_factorization:epoch=270 | loss=3.263071 | time=51.9s
21:56:23 INFO:birdwatch.reputation_matrix_factorization:epoch=300 | loss=3.262908 | time=57.7s
21:56:23 INFO:birdwatch.reputation_matrix_factorization:After round 1, global bias: Parameter containing:
tensor(1.0777, device='cuda:0', requires_grad=True)
21:56:23 INFO:birdwatch.reputation_matrix_factorization:
Round 2: learn rater rep (and everything else), freeze note intercept
21:56:23 INFO:birdwatch.reputation_matrix_factorization:epoch=000 | loss=3.262904 | time=0.0s
21:56:28 INFO:birdwatch.reputation_matrix_factorization:epoch=030 | loss=2.016806 | time=5.6s
21:56:34 INFO:birdwatch.reputation_matrix_factorization:epoch=060 | loss=2.006650 | time=11.2s
21:56:40 INFO:birdwatch.reputation_matrix_factorization:epoch=090 | loss=2.005780 | time=16.8s
21:56:40 INFO:birdwatch.reputation_matrix_factorization:epoch=090 | loss=2.005780 | time=16.8s
21:56:40 INFO:birdwatch.reputation_matrix_factorization:
Round 3: fit intercepts and global intercept with everything else frozen
21:56:41 INFO:birdwatch.reputation_matrix_factorization:epoch=000 | loss=0.330005 | time=0.0s
21:56:44 INFO:birdwatch.reputation_matrix_factorization:epoch=030 | loss=0.247434 | time=3.6s
21:56:48 INFO:birdwatch.reputation_matrix_factorization:epoch=060 | loss=0.246455 | time=7.2s
21:56:50 INFO:birdwatch.reputation_matrix_factorization:epoch=075 | loss=0.246418 | time=8.9s
21:56:50 INFO:birdwatch.reputation_matrix_factorization:After round 3, global bias: Parameter containing:
tensor(2.5018, device='cuda:0', requires_grad=True)
21:56:50 INFO:birdwatch.diligence_model:Low diligence training loss: 3.2629, 2.0058, 0.2464
21:56:51 INFO:birdwatch.scorer:MFCoreWithTopicsScorer Low Diligence MF elapsed time: 176.64 secs (2.94 mins)
22:00:09 INFO:birdwatch.note_ratings:dropped 0 out of 165224036 ratings due to NaN factor.
22:04:33 INFO:birdwatch.note_ratings:dropped 0 out of 1106006 population sampled ratings due to NaN factor.
22:04:34 INFO:birdwatch.scoring_rules:Applying scoring rule: InitialNMR (v1.0)
22:04:34 INFO:birdwatch.constants:Calling score_notes: InitialNMR (v1.0) elapsed time: 0.02 secs (0.00 mins)
22:04:35 INFO:birdwatch.constants:Applying scoring rule: InitialNMR (v1.0) elapsed time: 0.86 secs (0.01 mins)
22:04:35 INFO:birdwatch.scoring_rules:Applying scoring rule: GeneralCRH (v1.0)
22:04:35 INFO:birdwatch.constants:Calling score_notes: GeneralCRH (v1.0) elapsed time: 0.15 secs (0.00 mins)
22:04:36 INFO:birdwatch.constants:Applying scoring rule: GeneralCRH (v1.0) elapsed time: 0.97 secs (0.02 mins)
22:04:36 INFO:birdwatch.scoring_rules:Applying scoring rule: GeneralCRNH (v1.0)
22:04:36 INFO:birdwatch.constants:Calling score_notes: GeneralCRNH (v1.0) elapsed time: 0.03 secs (0.00 mins)
22:04:37 INFO:birdwatch.constants:Applying scoring rule: GeneralCRNH (v1.0) elapsed time: 0.79 secs (0.01 mins)
22:04:37 INFO:birdwatch.scoring_rules:Applying scoring rule: UcbCRNH (v1.0)
22:04:37 INFO:birdwatch.constants:Calling score_notes: UcbCRNH (v1.0) elapsed time: 0.01 secs (0.00 mins)
22:04:38 INFO:birdwatch.constants:Applying scoring rule: UcbCRNH (v1.0) elapsed time: 0.70 secs (0.01 mins)
22:04:38 INFO:birdwatch.scoring_rules:Applying scoring rule: RatioCRNH (v1.0)
22:04:38 INFO:birdwatch.constants:Calling score_notes: RatioCRNH (v1.0) elapsed time: 0.01 secs (0.00 mins)
22:04:39 INFO:birdwatch.constants:Applying scoring rule: RatioCRNH (v1.0) elapsed time: 0.74 secs (0.01 mins)
22:04:39 INFO:birdwatch.scoring_rules:Applying scoring rule: NmCRNH (v1.0)
22:04:39 INFO:birdwatch.constants:Calling score_notes: NmCRNH (v1.0) elapsed time: 0.11 secs (0.00 mins)
22:04:39 INFO:birdwatch.constants:Applying scoring rule: NmCRNH (v1.0) elapsed time: 0.96 secs (0.02 mins)
22:05:33 INFO:birdwatch.constants:Condense noteRules after applying all scoring rules elapsed time: 53.46 secs (0.89 mins)
22:09:23 INFO:birdwatch.constants:MFCoreWithTopicsScorer: Compute tag thresholds for percentiles elapsed time: 226.91 secs (3.78 mins)
22:13:09 INFO:birdwatch.scorer:prescore: Torch intra-op parallelism for MFCoreScorer set to: 12
22:13:14 INFO:birdwatch.scorer:Filtering ratings for MFCoreScorer.  Original rating length: 193312595
22:13:41 INFO:birdwatch.scorer:  Ratings after topic filter: 161955516
22:14:06 INFO:birdwatch.scorer:  Ratings without assigned group: 0
22:14:38 INFO:birdwatch.scorer:  Ratings after group filter: 140232845
22:14:38 INFO:birdwatch.scorer:MFCoreScorer Filter input elapsed time: 89.60 secs (1.49 mins)
22:16:03 INFO:birdwatch.mf_base_scorer:ratings summary MFCoreScorer: 238f217afa31b7fbe94936deb24cdb6ae21226e2dd49ee41b38f283ebb996fd2
22:17:06 INFO:birdwatch.process_data:After applying min 10 ratings per rater and min 5 raters per note: 
Num Ratings: 138251007, Num Unique Notes Rated: 1580899, Num Unique Raters: 756498
22:17:06 INFO:birdwatch.scorer:MFCoreScorer Prepare ratings elapsed time: 63.48 secs (1.06 mins)
22:18:29 INFO:birdwatch.mf_base_scorer:ratingsForTraining summary MFCoreScorer: cddd1a6ddd919bebf3b3c072e096e0fdd8c7f558c666fbfec5c11c33e1ebffab
22:18:30 INFO:birdwatch.mf_base_scorer:noteStatusHistory summary MFCoreScorer: 62b2781d977a7feee1937d417726f758827c4b5ced160489bc7855966453269f
22:18:30 INFO:birdwatch.mf_base_scorer:userEnrollmentRaw summary MFCoreScorer: c53bbd470a7620dc9178ff92440f266b673d8ab8c49934fccb53a9d3b38d7c61
22:19:17 INFO:birdwatch.scorer:MFCoreScorer Prepare data for stable initialization elapsed time: 45.62 secs (0.76 mins)
22:19:17 INFO:birdwatch.matrix_factorization:Reinitializing wandb run with enabled state: False
22:19:17 INFO:birdwatch.wandb_utils:Reinitializing W&B run
22:19:17 INFO:birdwatch.wandb_utils:W&B is disabled
22:19:17 DEBUG:git.util:sys.platform='linux', git_executable='git'
22:19:17 DEBUG:git.cmd:Popen(['git', 'rev-parse', '--show-toplevel'], cwd=/lambda/nfs/xnotes/communitynotes-mod, stdin=None, shell=False, universal_newlines=False)
22:19:17 DEBUG:wandb:no default config file found in config-defaults.yaml
22:19:24 INFO:birdwatch.matrix_factorization:------------------
22:19:24 INFO:birdwatch.matrix_factorization:Users: 237530, Notes: 226596
22:19:24 INFO:birdwatch.matrix_factorization:learning rate set to :1.0
22:19:24 INFO:birdwatch.matrix_factorization:cuda:0
22:19:24 INFO:birdwatch.matrix_factorization:Ratings per note in dataset: 88.67184328055217
22:19:24 INFO:birdwatch.matrix_factorization:Ratings per user in dataset: 84.59009388287795
22:19:24 INFO:birdwatch.matrix_factorization:epoch 0 6.575183391571045
22:19:24 INFO:birdwatch.matrix_factorization:TRAIN FIT LOSS: 6.1394782066345215
22:19:25 INFO:birdwatch.matrix_factorization:epoch 20 0.2128949761390686
22:19:25 INFO:birdwatch.matrix_factorization:TRAIN FIT LOSS: 0.15805618464946747
22:19:25 INFO:birdwatch.matrix_factorization:epoch 40 0.10827772319316864
22:19:25 INFO:birdwatch.matrix_factorization:TRAIN FIT LOSS: 0.08166930079460144
22:19:26 INFO:birdwatch.matrix_factorization:epoch 60 0.0924764946103096
22:19:26 INFO:birdwatch.matrix_factorization:TRAIN FIT LOSS: 0.06934510171413422
22:19:27 INFO:birdwatch.matrix_factorization:epoch 80 0.09015260636806488
22:19:27 INFO:birdwatch.matrix_factorization:TRAIN FIT LOSS: 0.06764810532331467
22:19:28 INFO:birdwatch.matrix_factorization:epoch 100 0.08982588350772858
22:19:28 INFO:birdwatch.matrix_factorization:TRAIN FIT LOSS: 0.0674726590514183
22:19:29 INFO:birdwatch.matrix_factorization:epoch 120 0.08978208154439926
22:19:29 INFO:birdwatch.matrix_factorization:TRAIN FIT LOSS: 0.06745912879705429
22:19:29 INFO:birdwatch.matrix_factorization:Num epochs: 129
22:19:29 INFO:birdwatch.matrix_factorization:epoch 129 0.08977825194597244
22:19:29 INFO:birdwatch.matrix_factorization:TRAIN FIT LOSS: 0.06746802479028702
22:19:29 INFO:birdwatch.matrix_factorization:Global Intercept: 0.13866019248962402
22:19:29 INFO:birdwatch.wandb_utils:Finishing W&B run
22:19:29 INFO:birdwatch.scorer:MFCoreScorer MF on stable-initialization subset elapsed time: 12.26 secs (0.20 mins)
22:19:29 INFO:birdwatch.matrix_factorization:Reinitializing wandb run with enabled state: False
22:19:29 INFO:birdwatch.wandb_utils:Reinitializing W&B run
22:19:29 INFO:birdwatch.wandb_utils:W&B is disabled
22:19:29 DEBUG:git.util:sys.platform='linux', git_executable='git'
22:19:29 DEBUG:git.cmd:Popen(['git', 'rev-parse', '--show-toplevel'], cwd=/lambda/nfs/xnotes/communitynotes-mod, stdin=None, shell=False, universal_newlines=False)
22:19:29 DEBUG:wandb:no default config file found in config-defaults.yaml
22:20:23 INFO:birdwatch.matrix_factorization:------------------
22:20:23 INFO:birdwatch.matrix_factorization:Users: 756498, Notes: 1580899
22:20:23 INFO:birdwatch.matrix_factorization:initializing notes
22:20:24 INFO:birdwatch.matrix_factorization:initializing users
22:20:24 INFO:birdwatch.matrix_factorization:initialized global intercept
22:20:24 INFO:birdwatch.matrix_factorization:learning rate set to :0.2
22:20:24 INFO:birdwatch.matrix_factorization:cuda:0
22:20:24 INFO:birdwatch.matrix_factorization:Ratings per note in dataset: 87.45087889865196
22:20:24 INFO:birdwatch.matrix_factorization:Ratings per user in dataset: 182.75131857585876
22:20:25 INFO:birdwatch.matrix_factorization:epoch 0 0.2518543601036072
22:20:25 INFO:birdwatch.matrix_factorization:TRAIN FIT LOSS: 0.2177891731262207
22:20:30 INFO:birdwatch.matrix_factorization:epoch 20 0.1169954389333725
22:20:30 INFO:birdwatch.matrix_factorization:TRAIN FIT LOSS: 0.09227163344621658
22:20:36 INFO:birdwatch.matrix_factorization:epoch 40 0.10750474780797958
22:20:36 INFO:birdwatch.matrix_factorization:TRAIN FIT LOSS: 0.08216935396194458
22:20:42 INFO:birdwatch.matrix_factorization:epoch 60 0.10631437599658966
22:20:42 INFO:birdwatch.matrix_factorization:TRAIN FIT LOSS: 0.08158332109451294
22:20:48 INFO:birdwatch.matrix_factorization:epoch 80 0.10615498572587967
22:20:48 INFO:birdwatch.matrix_factorization:TRAIN FIT LOSS: 0.08132269233465195
22:20:54 INFO:birdwatch.matrix_factorization:epoch 100 0.1061345711350441
22:20:54 INFO:birdwatch.matrix_factorization:TRAIN FIT LOSS: 0.08131232857704163
22:20:55 INFO:birdwatch.matrix_factorization:Num epochs: 106
22:20:55 INFO:birdwatch.matrix_factorization:epoch 106 0.10613346844911575
22:20:55 INFO:birdwatch.matrix_factorization:TRAIN FIT LOSS: 0.08130846917629242
22:20:55 INFO:birdwatch.matrix_factorization:Global Intercept: 0.16057023406028748
22:20:55 INFO:birdwatch.wandb_utils:Finishing W&B run
22:20:55 INFO:birdwatch.scorer:MFCoreScorer First full MF (initializated with stable-initialization) elapsed time: 85.83 secs (1.43 mins)
22:20:55 INFO:birdwatch.scorer:MFCoreScorer First MF/stable init elapsed time: 144.89 secs (2.41 mins)
22:20:59 INFO:birdwatch.mf_base_scorer:Performing rep-filtering for MFCoreScorer
22:23:48 INFO:birdwatch.note_ratings:dropped 0 out of 139177841 ratings due to NaN factor.
22:27:34 INFO:birdwatch.note_ratings:dropped 0 out of 999390 population sampled ratings due to NaN factor.
22:27:35 INFO:birdwatch.scoring_rules:Applying scoring rule: InitialNMR (v1.0)
22:27:35 INFO:birdwatch.constants:Calling score_notes: InitialNMR (v1.0) elapsed time: 0.02 secs (0.00 mins)
22:27:36 INFO:birdwatch.constants:Applying scoring rule: InitialNMR (v1.0) elapsed time: 0.70 secs (0.01 mins)
22:27:36 INFO:birdwatch.scoring_rules:Applying scoring rule: GeneralCRH (v1.0)
22:27:36 INFO:birdwatch.constants:Calling score_notes: GeneralCRH (v1.0) elapsed time: 0.13 secs (0.00 mins)
22:27:37 INFO:birdwatch.constants:Applying scoring rule: GeneralCRH (v1.0) elapsed time: 0.87 secs (0.01 mins)
22:27:37 INFO:birdwatch.scoring_rules:Applying scoring rule: GeneralCRNH (v1.0)
22:27:37 INFO:birdwatch.constants:Calling score_notes: GeneralCRNH (v1.0) elapsed time: 0.02 secs (0.00 mins)
22:27:38 INFO:birdwatch.constants:Applying scoring rule: GeneralCRNH (v1.0) elapsed time: 0.67 secs (0.01 mins)
22:27:38 INFO:birdwatch.scoring_rules:Applying scoring rule: UcbCRNH (v1.0)
22:27:38 INFO:birdwatch.constants:Calling score_notes: UcbCRNH (v1.0) elapsed time: 0.01 secs (0.00 mins)
22:27:38 INFO:birdwatch.constants:Applying scoring rule: UcbCRNH (v1.0) elapsed time: 0.66 secs (0.01 mins)
22:27:38 INFO:birdwatch.scoring_rules:Applying scoring rule: RatioCRNH (v1.0)
22:27:38 INFO:birdwatch.constants:Calling score_notes: RatioCRNH (v1.0) elapsed time: 0.01 secs (0.00 mins)
22:27:39 INFO:birdwatch.constants:Applying scoring rule: RatioCRNH (v1.0) elapsed time: 0.72 secs (0.01 mins)
22:27:39 INFO:birdwatch.scoring_rules:Applying scoring rule: NmCRNH (v1.0)
22:27:39 INFO:birdwatch.constants:Calling score_notes: NmCRNH (v1.0) elapsed time: 0.14 secs (0.00 mins)
22:27:40 INFO:birdwatch.constants:Applying scoring rule: NmCRNH (v1.0) elapsed time: 0.86 secs (0.01 mins)
22:28:28 INFO:birdwatch.constants:Condense noteRules after applying all scoring rules elapsed time: 47.68 secs (0.79 mins)
22:28:28 INFO:birdwatch.scorer:MFCoreScorer Compute scored notes elapsed time: 448.99 secs (7.48 mins)
22:30:18 INFO:birdwatch.note_ratings:Total ratings: 140011110 post-tombstones and 221735 pre-tombstones
22:30:18 INFO:birdwatch.note_ratings:Total ratings created before statuses: 111568891, including 111505087 post-tombstones and 63804 pre-tombstones.
22:30:47 INFO:birdwatch.note_ratings:Total valid ratings: 7313939
22:30:47 INFO:birdwatch.scorer:MFCoreScorer Compute valid ratings elapsed time: 138.87 secs (2.31 mins)
22:30:50 INFO:birdwatch.scorer:MFCoreScorer Helpfulness scores pre-harassment  elapsed time: 2.73 secs (0.05 mins)
22:31:09 INFO:birdwatch.helpfulness_scores:Unique Raters: 756498
22:31:09 INFO:birdwatch.helpfulness_scores:People (Authors or Raters) With Helpfulness Scores: 753727
22:31:09 INFO:birdwatch.helpfulness_scores:Raters Included Based on Helpfulness Scores: 597249
22:31:12 INFO:birdwatch.helpfulness_scores:Included Raters who have rated at least 1 note in the final dataset: 554307
22:31:12 INFO:birdwatch.helpfulness_scores:Number of Ratings Used For 1st Training: 138251007
22:31:12 INFO:birdwatch.helpfulness_scores:Number of Ratings for Final Training: 106314986
22:31:12 INFO:birdwatch.scorer:MFCoreScorer Filtering by helpfulness score elapsed time: 22.28 secs (0.37 mins)
22:31:12 INFO:birdwatch.tag_consensus:-------------------Training for tag notHelpfulSpamHarassmentOrAbuse-------------------
22:31:25 INFO:birdwatch.tag_consensus:Pre-filtering tag label breakdown notHelpfulSpamHarassmentOrAbuseLabel
0    67789433
1     4585946
dtype: int64
22:31:28 INFO:birdwatch.tag_consensus:Number of rows with no tag label 33873081
22:32:01 INFO:birdwatch.process_data:After applying min 10 ratings per rater and min 5 raters per note: 
Num Ratings: 71503277, Num Unique Notes Rated: 1309148, Num Unique Raters: 532779
22:32:05 INFO:birdwatch.tag_consensus:Post-filtering tag label breakdown notHelpfulSpamHarassmentOrAbuseLabel
0    67002023
1     4501254
dtype: int64
22:32:06 INFO:birdwatch.tag_consensus:Number of rows with no tag label 0
22:32:08 INFO:birdwatch.tag_consensus:notHelpfulSpamHarassmentOrAbuse Positive Rate: 0.06295171618497988
22:32:08 INFO:birdwatch.matrix_factorization:Using pos weight: 14.885190438042377 with BCEWithLogitsLoss
22:32:08 INFO:birdwatch.matrix_factorization:Reinitializing wandb run with enabled state: False
22:32:08 INFO:birdwatch.wandb_utils:Reinitializing W&B run
22:32:08 INFO:birdwatch.wandb_utils:W&B is disabled
22:32:08 DEBUG:git.util:sys.platform='linux', git_executable='git'
22:32:08 DEBUG:git.cmd:Popen(['git', 'rev-parse', '--show-toplevel'], cwd=/lambda/nfs/xnotes/communitynotes-mod, stdin=None, shell=False, universal_newlines=False)
22:32:08 DEBUG:wandb:no default config file found in config-defaults.yaml
22:32:40 INFO:birdwatch.matrix_factorization:------------------
22:32:40 INFO:birdwatch.matrix_factorization:Users: 532779, Notes: 1309148
22:32:40 INFO:birdwatch.matrix_factorization:initializing notes
22:32:40 INFO:birdwatch.matrix_factorization:initializing users
22:32:40 INFO:birdwatch.matrix_factorization:learning rate set to :2.0
22:32:40 INFO:birdwatch.matrix_factorization:cuda:0
22:32:40 INFO:birdwatch.matrix_factorization:Ratings per note in dataset: 54.618176860064715
22:32:40 INFO:birdwatch.matrix_factorization:Ratings per user in dataset: 134.20813695735004
22:32:41 INFO:birdwatch.matrix_factorization:epoch 0 3.1783061027526855
22:32:41 INFO:birdwatch.matrix_factorization:TRAIN FIT LOSS: 1.4383199214935303
22:32:44 INFO:birdwatch.matrix_factorization:epoch 20 0.7043435573577881
22:32:44 INFO:birdwatch.matrix_factorization:TRAIN FIT LOSS: 0.43552884459495544
22:32:48 INFO:birdwatch.matrix_factorization:epoch 40 0.4782021939754486
22:32:48 INFO:birdwatch.matrix_factorization:TRAIN FIT LOSS: 0.34224733710289
22:32:51 INFO:birdwatch.matrix_factorization:epoch 60 0.4442293047904968
22:32:51 INFO:birdwatch.matrix_factorization:TRAIN FIT LOSS: 0.32724061608314514
22:32:54 INFO:birdwatch.matrix_factorization:epoch 80 0.43946513533592224
22:32:54 INFO:birdwatch.matrix_factorization:TRAIN FIT LOSS: 0.3242311477661133
22:32:58 INFO:birdwatch.matrix_factorization:epoch 100 0.4387741982936859
22:32:58 INFO:birdwatch.matrix_factorization:TRAIN FIT LOSS: 0.3239281177520752
22:33:01 INFO:birdwatch.matrix_factorization:epoch 120 0.4386589229106903
22:33:01 INFO:birdwatch.matrix_factorization:TRAIN FIT LOSS: 0.32386139035224915
22:33:03 INFO:birdwatch.matrix_factorization:Num epochs: 130
22:33:03 INFO:birdwatch.matrix_factorization:epoch 130 0.438646137714386
22:33:03 INFO:birdwatch.matrix_factorization:TRAIN FIT LOSS: 0.3238562047481537
22:33:03 INFO:birdwatch.matrix_factorization:Global Intercept: -0.1967180371284485
22:33:03 INFO:birdwatch.wandb_utils:Finishing W&B run
22:33:03 INFO:birdwatch.scorer:MFCoreScorer Harassment tag consensus elapsed time: 110.79 secs (1.85 mins)
22:33:19 INFO:birdwatch.scorer:MFCoreScorer Helpfulness scores post-harassment elapsed time: 12.60 secs (0.21 mins)
22:33:39 INFO:birdwatch.helpfulness_scores:Unique Raters: 756498
22:33:39 INFO:birdwatch.helpfulness_scores:People (Authors or Raters) With Helpfulness Scores: 753727
22:33:39 INFO:birdwatch.helpfulness_scores:Raters Included Based on Helpfulness Scores: 528253
22:33:41 INFO:birdwatch.helpfulness_scores:Included Raters who have rated at least 1 note in the final dataset: 485311
22:33:41 INFO:birdwatch.helpfulness_scores:Number of Ratings Used For 1st Training: 138251007
22:33:41 INFO:birdwatch.helpfulness_scores:Number of Ratings for Final Training: 70088156
22:33:42 INFO:birdwatch.matrix_factorization:Reinitializing wandb run with enabled state: False
22:33:42 INFO:birdwatch.wandb_utils:Reinitializing W&B run
22:33:42 INFO:birdwatch.wandb_utils:W&B is disabled
22:33:42 DEBUG:git.util:sys.platform='linux', git_executable='git'
22:33:42 DEBUG:git.cmd:Popen(['git', 'rev-parse', '--show-toplevel'], cwd=/lambda/nfs/xnotes/communitynotes-mod, stdin=None, shell=False, universal_newlines=False)
22:33:42 DEBUG:wandb:no default config file found in config-defaults.yaml
22:34:09 INFO:birdwatch.matrix_factorization:------------------
22:34:09 INFO:birdwatch.matrix_factorization:Users: 485311, Notes: 1577778
22:34:09 INFO:birdwatch.matrix_factorization:initializing notes
22:34:09 INFO:birdwatch.matrix_factorization:initializing users
22:34:09 INFO:birdwatch.matrix_factorization:learning rate set to :0.2
22:34:09 INFO:birdwatch.matrix_factorization:cuda:0
22:34:09 INFO:birdwatch.matrix_factorization:Ratings per note in dataset: 44.422064447596554
22:34:09 INFO:birdwatch.matrix_factorization:Ratings per user in dataset: 144.41905499772312
22:34:10 INFO:birdwatch.matrix_factorization:epoch 0 0.3724169433116913
22:34:10 INFO:birdwatch.matrix_factorization:TRAIN FIT LOSS: 0.31334617733955383
22:34:13 INFO:birdwatch.matrix_factorization:epoch 20 0.10778998583555222
22:34:13 INFO:birdwatch.matrix_factorization:TRAIN FIT LOSS: 0.07898226380348206
22:34:16 INFO:birdwatch.matrix_factorization:epoch 40 0.10622866451740265
22:34:16 INFO:birdwatch.matrix_factorization:TRAIN FIT LOSS: 0.08065879344940186
22:34:19 INFO:birdwatch.matrix_factorization:epoch 60 0.10526921600103378
22:34:19 INFO:birdwatch.matrix_factorization:TRAIN FIT LOSS: 0.07873199880123138
22:34:22 INFO:birdwatch.matrix_factorization:epoch 80 0.10518664121627808
22:34:22 INFO:birdwatch.matrix_factorization:TRAIN FIT LOSS: 0.07836433500051498
22:34:25 INFO:birdwatch.matrix_factorization:epoch 100 0.10518154501914978
22:34:25 INFO:birdwatch.matrix_factorization:TRAIN FIT LOSS: 0.07826685160398483
22:34:25 INFO:birdwatch.matrix_factorization:Num epochs: 101
22:34:25 INFO:birdwatch.matrix_factorization:epoch 101 0.10518154501914978
22:34:25 INFO:birdwatch.matrix_factorization:TRAIN FIT LOSS: 0.07826685160398483
22:34:25 INFO:birdwatch.matrix_factorization:Global Intercept: 0.16900788247585297
22:34:25 INFO:birdwatch.wandb_utils:Finishing W&B run
22:34:25 INFO:birdwatch.constants:Final round MF elapsed time: 63.10 secs (1.05 mins)
22:34:25 INFO:birdwatch.mf_base_scorer:In MFCoreScorer prescoring, about to call diligence with 70088156 final round ratings.
22:35:45 INFO:birdwatch.reputation_matrix_factorization:Setup model: noteInitState: 
None,
 raterInitState: 
        raterParticipantId  internalRaterFactor1
0                        0              0.151414
1                        1              0.175806
2                        2             -0.388469
3                        3             -0.445879
4                       10             -0.014704
...                    ...                   ...
485306             1371210              0.385182
485307             1371213              0.031931
485308             1371221              0.150674
485309             1371227             -0.126999
485310             1371235             -0.094523

[485311 rows x 2 columns]
22:35:45 INFO:birdwatch.reputation_matrix_factorization:Initializing internalRaterFactor1:
22:35:45 INFO:birdwatch.reputation_matrix_factorization:  num in dataset: 485311, vs. num we are initializing: 485311
22:35:46 INFO:birdwatch.reputation_matrix_factorization:  uninitialized internalRaterFactor1s: 0
22:35:46 INFO:birdwatch.reputation_matrix_factorization:  initialized internalRaterFactor1s: 485311
22:35:46 INFO:birdwatch.reputation_matrix_factorization:Not initializing internalRaterIntercept
22:35:46 INFO:birdwatch.reputation_matrix_factorization:Not initializing internalRaterReputation
22:35:46 INFO:birdwatch.reputation_matrix_factorization:Not initializing internalNoteFactor1
22:35:46 INFO:birdwatch.reputation_matrix_factorization:Not initializing internalNoteIntercept
22:35:46 INFO:birdwatch.reputation_matrix_factorization:Reputation Matrix Factorization: rater reputation frozen
22:35:46 INFO:birdwatch.reputation_matrix_factorization:Round 1:
22:35:46 INFO:birdwatch.reputation_matrix_factorization:epoch=000 | loss=15.408046 | time=0.0s
22:35:51 INFO:birdwatch.reputation_matrix_factorization:epoch=030 | loss=3.629934 | time=4.9s
22:35:55 INFO:birdwatch.reputation_matrix_factorization:epoch=060 | loss=3.303544 | time=9.9s
22:36:00 INFO:birdwatch.reputation_matrix_factorization:epoch=090 | loss=3.262700 | time=14.8s
22:36:05 INFO:birdwatch.reputation_matrix_factorization:epoch=120 | loss=3.253850 | time=19.7s
22:36:10 INFO:birdwatch.reputation_matrix_factorization:epoch=150 | loss=3.250861 | time=24.6s
22:36:15 INFO:birdwatch.reputation_matrix_factorization:epoch=180 | loss=3.249521 | time=29.5s
22:36:20 INFO:birdwatch.reputation_matrix_factorization:epoch=210 | loss=3.248785 | time=34.5s
22:36:25 INFO:birdwatch.reputation_matrix_factorization:epoch=240 | loss=3.248341 | time=39.4s
22:36:30 INFO:birdwatch.reputation_matrix_factorization:epoch=270 | loss=3.248066 | time=44.4s
22:36:35 INFO:birdwatch.reputation_matrix_factorization:epoch=300 | loss=3.247892 | time=49.3s
22:36:35 INFO:birdwatch.reputation_matrix_factorization:After round 1, global bias: Parameter containing:
tensor(1.0454, device='cuda:0', requires_grad=True)
22:36:35 INFO:birdwatch.reputation_matrix_factorization:
Round 2: learn rater rep (and everything else), freeze note intercept
22:36:35 INFO:birdwatch.reputation_matrix_factorization:epoch=000 | loss=3.247887 | time=0.0s
22:36:40 INFO:birdwatch.reputation_matrix_factorization:epoch=030 | loss=2.003901 | time=4.8s
22:36:45 INFO:birdwatch.reputation_matrix_factorization:epoch=060 | loss=1.993720 | time=9.6s
22:36:50 INFO:birdwatch.reputation_matrix_factorization:epoch=090 | loss=1.992854 | time=14.4s
22:36:50 INFO:birdwatch.reputation_matrix_factorization:epoch=090 | loss=1.992854 | time=14.4s
22:36:50 INFO:birdwatch.reputation_matrix_factorization:
Round 3: fit intercepts and global intercept with everything else frozen
22:36:51 INFO:birdwatch.reputation_matrix_factorization:epoch=000 | loss=0.331948 | time=0.0s
22:36:54 INFO:birdwatch.reputation_matrix_factorization:epoch=030 | loss=0.248418 | time=3.1s
22:36:57 INFO:birdwatch.reputation_matrix_factorization:epoch=060 | loss=0.247430 | time=6.1s
22:36:58 INFO:birdwatch.reputation_matrix_factorization:epoch=075 | loss=0.247392 | time=7.6s
22:36:58 INFO:birdwatch.reputation_matrix_factorization:After round 3, global bias: Parameter containing:
tensor(2.5075, device='cuda:0', requires_grad=True)
22:36:58 INFO:birdwatch.diligence_model:Low diligence training loss: 3.2479, 1.9929, 0.2474
22:36:59 INFO:birdwatch.scorer:MFCoreScorer Low Diligence MF elapsed time: 153.78 secs (2.56 mins)
22:39:55 INFO:birdwatch.note_ratings:dropped 0 out of 139177841 ratings due to NaN factor.
22:43:42 INFO:birdwatch.note_ratings:dropped 0 out of 999390 population sampled ratings due to NaN factor.
22:43:43 INFO:birdwatch.scoring_rules:Applying scoring rule: InitialNMR (v1.0)
22:43:43 INFO:birdwatch.constants:Calling score_notes: InitialNMR (v1.0) elapsed time: 0.02 secs (0.00 mins)
22:43:44 INFO:birdwatch.constants:Applying scoring rule: InitialNMR (v1.0) elapsed time: 0.76 secs (0.01 mins)
22:43:44 INFO:birdwatch.scoring_rules:Applying scoring rule: GeneralCRH (v1.0)
22:43:44 INFO:birdwatch.constants:Calling score_notes: GeneralCRH (v1.0) elapsed time: 0.13 secs (0.00 mins)
22:43:45 INFO:birdwatch.constants:Applying scoring rule: GeneralCRH (v1.0) elapsed time: 0.88 secs (0.01 mins)
22:43:45 INFO:birdwatch.scoring_rules:Applying scoring rule: GeneralCRNH (v1.0)
22:43:45 INFO:birdwatch.constants:Calling score_notes: GeneralCRNH (v1.0) elapsed time: 0.02 secs (0.00 mins)
22:43:45 INFO:birdwatch.constants:Applying scoring rule: GeneralCRNH (v1.0) elapsed time: 0.68 secs (0.01 mins)
22:43:45 INFO:birdwatch.scoring_rules:Applying scoring rule: UcbCRNH (v1.0)
22:43:45 INFO:birdwatch.constants:Calling score_notes: UcbCRNH (v1.0) elapsed time: 0.01 secs (0.00 mins)
22:43:46 INFO:birdwatch.constants:Applying scoring rule: UcbCRNH (v1.0) elapsed time: 0.70 secs (0.01 mins)
22:43:46 INFO:birdwatch.scoring_rules:Applying scoring rule: RatioCRNH (v1.0)
22:43:46 INFO:birdwatch.constants:Calling score_notes: RatioCRNH (v1.0) elapsed time: 0.01 secs (0.00 mins)
22:43:47 INFO:birdwatch.constants:Applying scoring rule: RatioCRNH (v1.0) elapsed time: 0.66 secs (0.01 mins)
22:43:47 INFO:birdwatch.scoring_rules:Applying scoring rule: NmCRNH (v1.0)
22:43:47 INFO:birdwatch.constants:Calling score_notes: NmCRNH (v1.0) elapsed time: 0.10 secs (0.00 mins)
22:43:48 INFO:birdwatch.constants:Applying scoring rule: NmCRNH (v1.0) elapsed time: 0.88 secs (0.01 mins)
22:44:35 INFO:birdwatch.constants:Condense noteRules after applying all scoring rules elapsed time: 47.76 secs (0.80 mins)
22:47:49 INFO:birdwatch.constants:MFCoreScorer: Compute tag thresholds for percentiles elapsed time: 190.44 secs (3.17 mins)
22:50:43 INFO:birdwatch.scorer:prescore: Torch intra-op parallelism for MFExpansionScorer set to: 12
22:50:47 INFO:birdwatch.scorer:Filtering ratings for MFExpansionScorer.  Original rating length: 193312595
22:50:47 INFO:birdwatch.scorer:  Ratings after topic filter: 193312595
22:51:17 INFO:birdwatch.scorer:  Ratings without assigned group: 0
22:52:00 INFO:birdwatch.scorer:  Ratings after group filter: 192523983
22:52:00 INFO:birdwatch.scorer:MFExpansionScorer Filter input elapsed time: 77.40 secs (1.29 mins)
22:53:57 INFO:birdwatch.mf_base_scorer:ratings summary MFExpansionScorer: 957d1be57333d9d7c327d0ad167ff07e873377d5675efedbbd601c5053422ba9
22:55:29 INFO:birdwatch.process_data:After applying min 10 ratings per rater and min 5 raters per note: 
Num Ratings: 190176790, Num Unique Notes Rated: 1985783, Num Unique Raters: 992334
22:55:29 INFO:birdwatch.scorer:MFExpansionScorer Prepare ratings elapsed time: 91.47 secs (1.52 mins)
22:57:24 INFO:birdwatch.mf_base_scorer:ratingsForTraining summary MFExpansionScorer: b26061cffa2b5d59fda403e64647d08679720b8d70808fa2aefca541b2ee835c
22:57:24 INFO:birdwatch.mf_base_scorer:noteStatusHistory summary MFExpansionScorer: cef745da18e4d1baf835c290139b819dbaa498a4d668de1d119a9c0ee71b70e4
22:57:25 INFO:birdwatch.mf_base_scorer:userEnrollmentRaw summary MFExpansionScorer: c53bbd470a7620dc9178ff92440f266b673d8ab8c49934fccb53a9d3b38d7c61
22:58:28 INFO:birdwatch.scorer:MFExpansionScorer Prepare data for stable initialization elapsed time: 61.72 secs (1.03 mins)
22:58:28 INFO:birdwatch.matrix_factorization:Reinitializing wandb run with enabled state: False
22:58:28 INFO:birdwatch.wandb_utils:Reinitializing W&B run
22:58:28 INFO:birdwatch.wandb_utils:W&B is disabled
22:58:28 DEBUG:git.util:sys.platform='linux', git_executable='git'
22:58:28 DEBUG:git.cmd:Popen(['git', 'rev-parse', '--show-toplevel'], cwd=/lambda/nfs/xnotes/communitynotes-mod, stdin=None, shell=False, universal_newlines=False)
22:58:28 DEBUG:wandb:no default config file found in config-defaults.yaml
22:58:33 INFO:birdwatch.matrix_factorization:------------------
22:58:33 INFO:birdwatch.matrix_factorization:Users: 237486, Notes: 192998
22:58:33 INFO:birdwatch.matrix_factorization:learning rate set to :1.0
22:58:33 INFO:birdwatch.matrix_factorization:cuda:0
22:58:33 INFO:birdwatch.matrix_factorization:Ratings per note in dataset: 87.03879314811553
22:58:33 INFO:birdwatch.matrix_factorization:Ratings per user in dataset: 70.73390852513411
22:58:34 INFO:birdwatch.matrix_factorization:epoch 0 6.56266975402832
22:58:34 INFO:birdwatch.matrix_factorization:TRAIN FIT LOSS: 6.127370834350586
22:58:34 INFO:birdwatch.matrix_factorization:epoch 20 0.22969511151313782
22:58:34 INFO:birdwatch.matrix_factorization:TRAIN FIT LOSS: 0.18648169934749603
22:58:35 INFO:birdwatch.matrix_factorization:epoch 40 0.10779222846031189
22:58:35 INFO:birdwatch.matrix_factorization:TRAIN FIT LOSS: 0.0830317810177803
22:58:36 INFO:birdwatch.matrix_factorization:epoch 60 0.09126728773117065
22:58:36 INFO:birdwatch.matrix_factorization:TRAIN FIT LOSS: 0.06891556829214096
22:58:37 INFO:birdwatch.matrix_factorization:epoch 80 0.08881773054599762
22:58:37 INFO:birdwatch.matrix_factorization:TRAIN FIT LOSS: 0.06683100759983063
22:58:37 INFO:birdwatch.matrix_factorization:epoch 100 0.08850685507059097
22:58:37 INFO:birdwatch.matrix_factorization:TRAIN FIT LOSS: 0.06661442667245865
22:58:38 INFO:birdwatch.matrix_factorization:epoch 120 0.08846721798181534
22:58:38 INFO:birdwatch.matrix_factorization:TRAIN FIT LOSS: 0.06658660620450974
22:58:39 INFO:birdwatch.matrix_factorization:Num epochs: 136
22:58:39 INFO:birdwatch.matrix_factorization:epoch 136 0.08846262842416763
22:58:39 INFO:birdwatch.matrix_factorization:TRAIN FIT LOSS: 0.06656729429960251
22:58:39 INFO:birdwatch.matrix_factorization:Global Intercept: 0.13551320135593414
22:58:39 INFO:birdwatch.wandb_utils:Finishing W&B run
22:58:39 INFO:birdwatch.scorer:MFExpansionScorer MF on stable-initialization subset elapsed time: 10.62 secs (0.18 mins)
22:58:39 INFO:birdwatch.matrix_factorization:Reinitializing wandb run with enabled state: False
22:58:39 INFO:birdwatch.wandb_utils:Reinitializing W&B run
22:58:39 INFO:birdwatch.wandb_utils:W&B is disabled
22:58:39 DEBUG:git.util:sys.platform='linux', git_executable='git'
22:58:39 DEBUG:git.cmd:Popen(['git', 'rev-parse', '--show-toplevel'], cwd=/lambda/nfs/xnotes/communitynotes-mod, stdin=None, shell=False, universal_newlines=False)
22:58:39 DEBUG:wandb:no default config file found in config-defaults.yaml
22:59:55 INFO:birdwatch.matrix_factorization:------------------
22:59:55 INFO:birdwatch.matrix_factorization:Users: 992334, Notes: 1985783
22:59:55 INFO:birdwatch.matrix_factorization:initializing notes
22:59:55 INFO:birdwatch.matrix_factorization:initializing users
22:59:55 INFO:birdwatch.matrix_factorization:initialized global intercept
22:59:55 INFO:birdwatch.matrix_factorization:learning rate set to :0.2
22:59:55 INFO:birdwatch.matrix_factorization:cuda:0
22:59:55 INFO:birdwatch.matrix_factorization:Ratings per note in dataset: 95.76917014598271
22:59:55 INFO:birdwatch.matrix_factorization:Ratings per user in dataset: 191.64594783611165
22:59:56 INFO:birdwatch.matrix_factorization:epoch 0 0.2475471794605255
22:59:56 INFO:birdwatch.matrix_factorization:TRAIN FIT LOSS: 0.21585647761821747
23:00:04 INFO:birdwatch.matrix_factorization:epoch 20 0.11988791823387146
23:00:04 INFO:birdwatch.matrix_factorization:TRAIN FIT LOSS: 0.09369084984064102
23:00:12 INFO:birdwatch.matrix_factorization:epoch 40 0.11019295454025269
23:00:12 INFO:birdwatch.matrix_factorization:TRAIN FIT LOSS: 0.08521930128335953
23:00:20 INFO:birdwatch.matrix_factorization:epoch 60 0.10886451601982117
23:00:20 INFO:birdwatch.matrix_factorization:TRAIN FIT LOSS: 0.08406252413988113
23:00:28 INFO:birdwatch.matrix_factorization:epoch 80 0.10869752615690231
23:00:28 INFO:birdwatch.matrix_factorization:TRAIN FIT LOSS: 0.08384102582931519
23:00:36 INFO:birdwatch.matrix_factorization:Num epochs: 100
23:00:36 INFO:birdwatch.matrix_factorization:epoch 100 0.1086762472987175
23:00:36 INFO:birdwatch.matrix_factorization:TRAIN FIT LOSS: 0.08381752669811249
23:00:36 INFO:birdwatch.matrix_factorization:Global Intercept: 0.16150981187820435
23:00:36 INFO:birdwatch.wandb_utils:Finishing W&B run
23:00:36 INFO:birdwatch.scorer:MFExpansionScorer First full MF (initializated with stable-initialization) elapsed time: 117.21 secs (1.95 mins)
23:00:36 INFO:birdwatch.scorer:MFExpansionScorer First MF/stable init elapsed time: 191.16 secs (3.19 mins)
23:00:43 INFO:birdwatch.mf_base_scorer:Performing rep-filtering for MFExpansionScorer
23:04:37 INFO:birdwatch.note_ratings:dropped 0 out of 191132080 ratings due to NaN factor.
23:09:32 INFO:birdwatch.note_ratings:dropped 0 out of 1407295 population sampled ratings due to NaN factor.
23:09:33 INFO:birdwatch.scoring_rules:Applying scoring rule: InitialNMR (v1.0)
23:09:33 INFO:birdwatch.constants:Calling score_notes: InitialNMR (v1.0) elapsed time: 0.02 secs (0.00 mins)
23:09:34 INFO:birdwatch.constants:Applying scoring rule: InitialNMR (v1.0) elapsed time: 0.83 secs (0.01 mins)
23:09:34 INFO:birdwatch.scoring_rules:Applying scoring rule: GeneralCRH (v1.0)
23:09:34 INFO:birdwatch.constants:Calling score_notes: GeneralCRH (v1.0) elapsed time: 0.16 secs (0.00 mins)
23:09:35 INFO:birdwatch.constants:Applying scoring rule: GeneralCRH (v1.0) elapsed time: 1.04 secs (0.02 mins)
23:09:35 INFO:birdwatch.scoring_rules:Applying scoring rule: GeneralCRNH (v1.0)
23:09:35 INFO:birdwatch.constants:Calling score_notes: GeneralCRNH (v1.0) elapsed time: 0.03 secs (0.00 mins)
23:09:36 INFO:birdwatch.constants:Applying scoring rule: GeneralCRNH (v1.0) elapsed time: 0.80 secs (0.01 mins)
23:09:36 INFO:birdwatch.scoring_rules:Applying scoring rule: UcbCRNH (v1.0)
23:09:36 INFO:birdwatch.constants:Calling score_notes: UcbCRNH (v1.0) elapsed time: 0.01 secs (0.00 mins)
23:09:37 INFO:birdwatch.constants:Applying scoring rule: UcbCRNH (v1.0) elapsed time: 0.78 secs (0.01 mins)
23:09:37 INFO:birdwatch.scoring_rules:Applying scoring rule: RatioCRNH (v1.0)
23:09:37 INFO:birdwatch.constants:Calling score_notes: RatioCRNH (v1.0) elapsed time: 0.01 secs (0.00 mins)
23:09:38 INFO:birdwatch.constants:Applying scoring rule: RatioCRNH (v1.0) elapsed time: 0.80 secs (0.01 mins)
23:09:38 INFO:birdwatch.scoring_rules:Applying scoring rule: NmCRNH (v1.0)
23:09:38 INFO:birdwatch.constants:Calling score_notes: NmCRNH (v1.0) elapsed time: 0.13 secs (0.00 mins)
23:09:39 INFO:birdwatch.constants:Applying scoring rule: NmCRNH (v1.0) elapsed time: 0.98 secs (0.02 mins)
23:10:36 INFO:birdwatch.constants:Condense noteRules after applying all scoring rules elapsed time: 56.93 secs (0.95 mins)
23:10:36 INFO:birdwatch.scorer:MFExpansionScorer Compute scored notes elapsed time: 593.49 secs (9.89 mins)
23:13:08 INFO:birdwatch.note_ratings:Total ratings: 192282598 post-tombstones and 241385 pre-tombstones
23:13:08 INFO:birdwatch.note_ratings:Total ratings created before statuses: 153239252, including 153171554 post-tombstones and 67698 pre-tombstones.
23:13:48 INFO:birdwatch.note_ratings:Total valid ratings: 11171152
23:13:48 INFO:birdwatch.scorer:MFExpansionScorer Compute valid ratings elapsed time: 191.68 secs (3.19 mins)
23:13:52 INFO:birdwatch.scorer:MFExpansionScorer Helpfulness scores pre-harassment  elapsed time: 3.79 secs (0.06 mins)
23:14:18 INFO:birdwatch.helpfulness_scores:Unique Raters: 992334
23:14:18 INFO:birdwatch.helpfulness_scores:People (Authors or Raters) With Helpfulness Scores: 962171
23:14:18 INFO:birdwatch.helpfulness_scores:Raters Included Based on Helpfulness Scores: 809417
23:14:22 INFO:birdwatch.helpfulness_scores:Included Raters who have rated at least 1 note in the final dataset: 745374
23:14:22 INFO:birdwatch.helpfulness_scores:Number of Ratings Used For 1st Training: 190176790
23:14:22 INFO:birdwatch.helpfulness_scores:Number of Ratings for Final Training: 145162888
23:14:22 INFO:birdwatch.scorer:MFExpansionScorer Filtering by helpfulness score elapsed time: 30.19 secs (0.50 mins)
23:14:22 INFO:birdwatch.tag_consensus:-------------------Training for tag notHelpfulSpamHarassmentOrAbuse-------------------
23:14:40 INFO:birdwatch.tag_consensus:Pre-filtering tag label breakdown notHelpfulSpamHarassmentOrAbuseLabel
0    93247198
1     6475070
dtype: int64
23:14:43 INFO:birdwatch.tag_consensus:Number of rows with no tag label 45371488
23:15:30 INFO:birdwatch.process_data:After applying min 10 ratings per rater and min 5 raters per note: 
Num Ratings: 98711580, Num Unique Notes Rated: 1682061, Num Unique Raters: 717750
23:15:35 INFO:birdwatch.tag_consensus:Post-filtering tag label breakdown notHelpfulSpamHarassmentOrAbuseLabel
0    92333208
1     6378372
dtype: int64
23:15:37 INFO:birdwatch.tag_consensus:Number of rows with no tag label 0
23:15:40 INFO:birdwatch.tag_consensus:notHelpfulSpamHarassmentOrAbuse Positive Rate: 0.06461624867112856
23:15:40 INFO:birdwatch.matrix_factorization:Using pos weight: 14.475983526830984 with BCEWithLogitsLoss
23:15:40 INFO:birdwatch.matrix_factorization:Reinitializing wandb run with enabled state: False
23:15:40 INFO:birdwatch.wandb_utils:Reinitializing W&B run
23:15:40 INFO:birdwatch.wandb_utils:W&B is disabled
23:15:40 DEBUG:git.util:sys.platform='linux', git_executable='git'
23:15:40 DEBUG:git.cmd:Popen(['git', 'rev-parse', '--show-toplevel'], cwd=/lambda/nfs/xnotes/communitynotes-mod, stdin=None, shell=False, universal_newlines=False)
23:15:40 DEBUG:wandb:no default config file found in config-defaults.yaml
23:16:22 INFO:birdwatch.matrix_factorization:------------------
23:16:22 INFO:birdwatch.matrix_factorization:Users: 717750, Notes: 1682061
23:16:22 INFO:birdwatch.matrix_factorization:initializing notes
23:16:23 INFO:birdwatch.matrix_factorization:initializing users
23:16:23 INFO:birdwatch.matrix_factorization:learning rate set to :2.0
23:16:23 INFO:birdwatch.matrix_factorization:cuda:0
23:16:23 INFO:birdwatch.matrix_factorization:Ratings per note in dataset: 58.68489906133012
23:16:23 INFO:birdwatch.matrix_factorization:Ratings per user in dataset: 137.52919540229885
23:16:23 INFO:birdwatch.matrix_factorization:epoch 0 3.164320468902588
23:16:23 INFO:birdwatch.matrix_factorization:TRAIN FIT LOSS: 1.464682698249817
23:16:28 INFO:birdwatch.matrix_factorization:epoch 20 0.7052706480026245
23:16:28 INFO:birdwatch.matrix_factorization:TRAIN FIT LOSS: 0.4519670605659485
23:16:33 INFO:birdwatch.matrix_factorization:epoch 40 0.48441052436828613
23:16:33 INFO:birdwatch.matrix_factorization:TRAIN FIT LOSS: 0.3508463501930237
23:16:38 INFO:birdwatch.matrix_factorization:epoch 60 0.4521750807762146
23:16:38 INFO:birdwatch.matrix_factorization:TRAIN FIT LOSS: 0.33584681153297424
23:16:42 INFO:birdwatch.matrix_factorization:epoch 80 0.4475732445716858
23:16:42 INFO:birdwatch.matrix_factorization:TRAIN FIT LOSS: 0.3328498899936676
23:16:47 INFO:birdwatch.matrix_factorization:epoch 100 0.44689276814460754
23:16:47 INFO:birdwatch.matrix_factorization:TRAIN FIT LOSS: 0.3326018750667572
23:16:52 INFO:birdwatch.matrix_factorization:epoch 120 0.446781188249588
23:16:52 INFO:birdwatch.matrix_factorization:TRAIN FIT LOSS: 0.33254462480545044
23:16:56 INFO:birdwatch.matrix_factorization:Num epochs: 139
23:16:56 INFO:birdwatch.matrix_factorization:epoch 139 0.44675618410110474
23:16:56 INFO:birdwatch.matrix_factorization:TRAIN FIT LOSS: 0.3325360119342804
23:16:56 INFO:birdwatch.matrix_factorization:Global Intercept: -0.19553039968013763
23:16:56 INFO:birdwatch.wandb_utils:Finishing W&B run
23:16:56 INFO:birdwatch.scorer:MFExpansionScorer Harassment tag consensus elapsed time: 154.33 secs (2.57 mins)
23:17:18 INFO:birdwatch.scorer:MFExpansionScorer Helpfulness scores post-harassment elapsed time: 18.85 secs (0.31 mins)
23:17:45 INFO:birdwatch.helpfulness_scores:Unique Raters: 992334
23:17:45 INFO:birdwatch.helpfulness_scores:People (Authors or Raters) With Helpfulness Scores: 962171
23:17:45 INFO:birdwatch.helpfulness_scores:Raters Included Based on Helpfulness Scores: 717324
23:17:47 INFO:birdwatch.helpfulness_scores:Included Raters who have rated at least 1 note in the final dataset: 653281
23:17:47 INFO:birdwatch.helpfulness_scores:Number of Ratings Used For 1st Training: 190176790
23:17:47 INFO:birdwatch.helpfulness_scores:Number of Ratings for Final Training: 96573826
23:17:48 INFO:birdwatch.matrix_factorization:Reinitializing wandb run with enabled state: False
23:17:48 INFO:birdwatch.wandb_utils:Reinitializing W&B run
23:17:48 INFO:birdwatch.wandb_utils:W&B is disabled
23:17:48 DEBUG:git.util:sys.platform='linux', git_executable='git'
23:17:48 DEBUG:git.cmd:Popen(['git', 'rev-parse', '--show-toplevel'], cwd=/lambda/nfs/xnotes/communitynotes-mod, stdin=None, shell=False, universal_newlines=False)
23:17:48 DEBUG:wandb:no default config file found in config-defaults.yaml
23:18:25 INFO:birdwatch.matrix_factorization:------------------
23:18:25 INFO:birdwatch.matrix_factorization:Users: 653281, Notes: 1981963
23:18:25 INFO:birdwatch.matrix_factorization:initializing notes
23:18:26 INFO:birdwatch.matrix_factorization:initializing users
23:18:26 INFO:birdwatch.matrix_factorization:learning rate set to :0.2
23:18:26 INFO:birdwatch.matrix_factorization:cuda:0
23:18:26 INFO:birdwatch.matrix_factorization:Ratings per note in dataset: 48.726351601921934
23:18:26 INFO:birdwatch.matrix_factorization:Ratings per user in dataset: 147.82892201058962
23:18:26 INFO:birdwatch.matrix_factorization:epoch 0 0.36331167817115784
23:18:26 INFO:birdwatch.matrix_factorization:TRAIN FIT LOSS: 0.30515074729919434
23:18:31 INFO:birdwatch.matrix_factorization:epoch 20 0.10918673127889633
23:18:31 INFO:birdwatch.matrix_factorization:TRAIN FIT LOSS: 0.08078310638666153
23:18:35 INFO:birdwatch.matrix_factorization:epoch 40 0.10820657014846802
23:18:35 INFO:birdwatch.matrix_factorization:TRAIN FIT LOSS: 0.08278118818998337
23:18:39 INFO:birdwatch.matrix_factorization:epoch 60 0.10699126124382019
23:18:39 INFO:birdwatch.matrix_factorization:TRAIN FIT LOSS: 0.08025137335062027
23:18:43 INFO:birdwatch.matrix_factorization:epoch 80 0.1069461852312088
23:18:43 INFO:birdwatch.matrix_factorization:TRAIN FIT LOSS: 0.08015559613704681
23:18:47 INFO:birdwatch.matrix_factorization:epoch 100 0.1069399043917656
23:18:47 INFO:birdwatch.matrix_factorization:TRAIN FIT LOSS: 0.0799807608127594
23:18:47 INFO:birdwatch.matrix_factorization:Num epochs: 101
23:18:47 INFO:birdwatch.matrix_factorization:epoch 101 0.1069399043917656
23:18:47 INFO:birdwatch.matrix_factorization:TRAIN FIT LOSS: 0.0799807608127594
23:18:47 INFO:birdwatch.matrix_factorization:Global Intercept: 0.1710326373577118
23:18:47 INFO:birdwatch.wandb_utils:Finishing W&B run
23:18:47 INFO:birdwatch.constants:Final round MF elapsed time: 85.85 secs (1.43 mins)
23:18:47 INFO:birdwatch.mf_base_scorer:In MFExpansionScorer prescoring, about to call diligence with 96573826 final round ratings.
23:20:35 INFO:birdwatch.reputation_matrix_factorization:Setup model: noteInitState: 
None,
 raterInitState: 
        raterParticipantId  internalRaterFactor1
0                        0              0.215520
1                        1              0.387142
2                        2             -0.312613
3                        3             -0.433034
4                        4              0.233561
...                    ...                   ...
653276             1371222             -0.158930
653277             1371223             -0.048341
653278             1371227             -0.101781
653279             1371235             -0.028841
653280             1371237             -0.145731

[653281 rows x 2 columns]
23:20:35 INFO:birdwatch.reputation_matrix_factorization:Initializing internalRaterFactor1:
23:20:35 INFO:birdwatch.reputation_matrix_factorization:  num in dataset: 653281, vs. num we are initializing: 653281
23:20:36 INFO:birdwatch.reputation_matrix_factorization:  uninitialized internalRaterFactor1s: 0
23:20:36 INFO:birdwatch.reputation_matrix_factorization:  initialized internalRaterFactor1s: 653281
23:20:36 INFO:birdwatch.reputation_matrix_factorization:Not initializing internalRaterIntercept
23:20:36 INFO:birdwatch.reputation_matrix_factorization:Not initializing internalRaterReputation
23:20:36 INFO:birdwatch.reputation_matrix_factorization:Not initializing internalNoteFactor1
23:20:36 INFO:birdwatch.reputation_matrix_factorization:Not initializing internalNoteIntercept
23:20:36 INFO:birdwatch.reputation_matrix_factorization:Reputation Matrix Factorization: rater reputation frozen
23:20:36 INFO:birdwatch.reputation_matrix_factorization:Round 1:
23:20:36 INFO:birdwatch.reputation_matrix_factorization:epoch=000 | loss=15.686837 | time=0.0s
23:20:43 INFO:birdwatch.reputation_matrix_factorization:epoch=030 | loss=3.666531 | time=6.9s
23:20:50 INFO:birdwatch.reputation_matrix_factorization:epoch=060 | loss=3.340249 | time=13.7s
23:20:56 INFO:birdwatch.reputation_matrix_factorization:epoch=090 | loss=3.300420 | time=20.5s
23:21:03 INFO:birdwatch.reputation_matrix_factorization:epoch=120 | loss=3.292133 | time=27.4s
23:21:10 INFO:birdwatch.reputation_matrix_factorization:epoch=150 | loss=3.289530 | time=34.2s
23:21:17 INFO:birdwatch.reputation_matrix_factorization:epoch=180 | loss=3.288452 | time=41.1s
23:21:24 INFO:birdwatch.reputation_matrix_factorization:epoch=210 | loss=3.287898 | time=48.0s
23:21:31 INFO:birdwatch.reputation_matrix_factorization:epoch=240 | loss=3.287573 | time=54.9s
23:21:38 INFO:birdwatch.reputation_matrix_factorization:epoch=270 | loss=3.287371 | time=61.8s
23:21:45 INFO:birdwatch.reputation_matrix_factorization:epoch=300 | loss=3.287241 | time=68.7s
23:21:45 INFO:birdwatch.reputation_matrix_factorization:After round 1, global bias: Parameter containing:
tensor(1.1511, device='cuda:0', requires_grad=True)
23:21:45 INFO:birdwatch.reputation_matrix_factorization:
Round 2: learn rater rep (and everything else), freeze note intercept
23:21:45 INFO:birdwatch.reputation_matrix_factorization:epoch=000 | loss=3.287238 | time=0.0s
23:21:52 INFO:birdwatch.reputation_matrix_factorization:epoch=030 | loss=2.041099 | time=6.7s
23:21:58 INFO:birdwatch.reputation_matrix_factorization:epoch=060 | loss=2.030846 | time=13.4s
23:22:05 INFO:birdwatch.reputation_matrix_factorization:epoch=090 | loss=2.029975 | time=20.1s
23:22:05 INFO:birdwatch.reputation_matrix_factorization:epoch=090 | loss=2.029975 | time=20.1s
23:22:05 INFO:birdwatch.reputation_matrix_factorization:
Round 3: fit intercepts and global intercept with everything else frozen
23:22:06 INFO:birdwatch.reputation_matrix_factorization:epoch=000 | loss=0.328204 | time=0.1s
23:22:11 INFO:birdwatch.reputation_matrix_factorization:epoch=030 | loss=0.243732 | time=4.3s
23:22:15 INFO:birdwatch.reputation_matrix_factorization:epoch=060 | loss=0.242718 | time=8.6s
23:22:17 INFO:birdwatch.reputation_matrix_factorization:epoch=075 | loss=0.242680 | time=10.7s
23:22:17 INFO:birdwatch.reputation_matrix_factorization:After round 3, global bias: Parameter containing:
tensor(2.5872, device='cuda:0', requires_grad=True)
23:22:17 INFO:birdwatch.diligence_model:Low diligence training loss: 3.2872, 2.0300, 0.2427
23:22:18 INFO:birdwatch.scorer:MFExpansionScorer Low Diligence MF elapsed time: 210.82 secs (3.51 mins)
23:26:25 INFO:birdwatch.note_ratings:dropped 0 out of 191132080 ratings due to NaN factor.
23:31:23 INFO:birdwatch.note_ratings:dropped 0 out of 1407295 population sampled ratings due to NaN factor.
23:31:24 INFO:birdwatch.scoring_rules:Applying scoring rule: InitialNMR (v1.0)
23:31:24 INFO:birdwatch.constants:Calling score_notes: InitialNMR (v1.0) elapsed time: 0.02 secs (0.00 mins)
23:31:25 INFO:birdwatch.constants:Applying scoring rule: InitialNMR (v1.0) elapsed time: 0.79 secs (0.01 mins)
23:31:25 INFO:birdwatch.scoring_rules:Applying scoring rule: GeneralCRH (v1.0)
23:31:25 INFO:birdwatch.constants:Calling score_notes: GeneralCRH (v1.0) elapsed time: 0.15 secs (0.00 mins)
23:31:26 INFO:birdwatch.constants:Applying scoring rule: GeneralCRH (v1.0) elapsed time: 1.10 secs (0.02 mins)
23:31:26 INFO:birdwatch.scoring_rules:Applying scoring rule: GeneralCRNH (v1.0)
23:31:26 INFO:birdwatch.constants:Calling score_notes: GeneralCRNH (v1.0) elapsed time: 0.03 secs (0.00 mins)
23:31:27 INFO:birdwatch.constants:Applying scoring rule: GeneralCRNH (v1.0) elapsed time: 0.80 secs (0.01 mins)
23:31:27 INFO:birdwatch.scoring_rules:Applying scoring rule: UcbCRNH (v1.0)
23:31:27 INFO:birdwatch.constants:Calling score_notes: UcbCRNH (v1.0) elapsed time: 0.01 secs (0.00 mins)
23:31:28 INFO:birdwatch.constants:Applying scoring rule: UcbCRNH (v1.0) elapsed time: 0.88 secs (0.01 mins)
23:31:28 INFO:birdwatch.scoring_rules:Applying scoring rule: RatioCRNH (v1.0)
23:31:28 INFO:birdwatch.constants:Calling score_notes: RatioCRNH (v1.0) elapsed time: 0.01 secs (0.00 mins)
23:31:29 INFO:birdwatch.constants:Applying scoring rule: RatioCRNH (v1.0) elapsed time: 0.79 secs (0.01 mins)
23:31:29 INFO:birdwatch.scoring_rules:Applying scoring rule: NmCRNH (v1.0)
23:31:29 INFO:birdwatch.constants:Calling score_notes: NmCRNH (v1.0) elapsed time: 0.10 secs (0.00 mins)
23:31:30 INFO:birdwatch.constants:Applying scoring rule: NmCRNH (v1.0) elapsed time: 0.91 secs (0.02 mins)
23:32:27 INFO:birdwatch.constants:Condense noteRules after applying all scoring rules elapsed time: 57.10 secs (0.95 mins)
23:36:57 INFO:birdwatch.constants:MFExpansionScorer: Compute tag thresholds for percentiles elapsed time: 267.06 secs (4.45 mins)
